<html>
<head>
<title>TestNG:  Test1(failed)(failed)</title>
<link href="../testng.css" rel="stylesheet" type="text/css" />
<link href="../my-testng.css" rel="stylesheet" type="text/css" />

<style type="text/css">
.log { display: none;} 
.stack-trace { display: none;} 
</style>
<script type="text/javascript">
<!--
function flip(e) {
  current = e.style.display;
  if (current == 'block') {
    e.style.display = 'none';
    return 0;
  }
  else {
    e.style.display = 'block';
    return 1;
  }
}

function toggleBox(szDivId, elem, msg1, msg2)
{
  var res = -1;  if (document.getElementById) {
    res = flip(document.getElementById(szDivId));
  }
  else if (document.all) {
    // this is the way old msie versions work
    res = flip(document.all[szDivId]);
  }
  if(elem) {
    if(res == 0) elem.innerHTML = msg1; else elem.innerHTML = msg2;
  }

}

function toggleAllBoxes() {
  if (document.getElementsByTagName) {
    d = document.getElementsByTagName('div');
    for (i = 0; i < d.length; i++) {
      if (d[i].className == 'log') {
        flip(d[i]);
      }
    }
  }
}

// -->
</script>

</head>
<body>
<h2 align='center'>Test1(failed)(failed)</h2><table border='1' align="center">
<tr>
<td>Tests passed/Failed/Skipped:</td><td>78/22/0</td>
</tr><tr>
<td>Started on:</td><td>Wed Oct 10 15:11:35 IST 2018</td>
</tr>
<tr><td>Total time:</td><td>440 seconds (440254 ms)</td>
</tr><tr>
<td>Included groups:</td><td></td>
</tr><tr>
<td>Excluded groups:</td><td></td>
</tr>
</table><p/>
<small><i>(Hover the method name to see the test class name)</i></small><p/>
<table width='100%' border='1' class='invocation-failed'>
<tr><td colspan='4' align='center'><b>FAILED TESTS</b></td></tr>
<tr><td><b>Test method</b></td>
<td width="30%"><b>Exception</b></td>
<td width="10%"><b>Time (seconds)</b></td>
<td><b>Instance</b></td>
</tr>
<tr>
<td title='restAssuredApi.ApiPostTest.postTest()'><b>postTest</b><br>Test class: restAssuredApi.ApiPostTest<br>Parameters: {"PARTNER":"Test drive6","TITLE_MEDI":"Ms.","MOB_NUMBER":"9739865868","NAME_LAST":"Saha","NAME_FIRST":"Aritra","STATUS_TYPE":"d"}</td>
<td><div><pre>java.lang.AssertionError: expected [200] but found [503]
	at restAssuredApi.ApiPostTest.postTest(ApiPostTest.java:41)
... Removed 31 stack frames</pre></div><a href='#' onClick='toggleBox("stack-trace753426788", this, "Click to show all stack frames", "Click to hide stack frames")'>Click to show all stack frames</a>
<div class='stack-trace' id='stack-trace753426788'><pre>java.lang.AssertionError: expected [200] but found [503]
	at org.testng.Assert.fail(Assert.java:96)
	at org.testng.Assert.failNotEquals(Assert.java:776)
	at org.testng.Assert.assertEqualsImpl(Assert.java:137)
	at org.testng.Assert.assertEquals(Assert.java:118)
	at org.testng.Assert.assertEquals(Assert.java:652)
	at org.testng.Assert.assertEquals(Assert.java:662)
	at restAssuredApi.ApiPostTest.postTest(ApiPostTest.java:41)
	at sun.reflect.NativeMethodAccessorImpl.invoke0(Native Method)
	at sun.reflect.NativeMethodAccessorImpl.invoke(Unknown Source)
	at sun.reflect.DelegatingMethodAccessorImpl.invoke(Unknown Source)
	at java.lang.reflect.Method.invoke(Unknown Source)
	at org.testng.internal.MethodInvocationHelper.invokeMethod(MethodInvocationHelper.java:124)
	at org.testng.internal.Invoker.invokeMethod(Invoker.java:580)
	at org.testng.internal.Invoker.invokeTestMethod(Invoker.java:716)
	at org.testng.internal.Invoker.invokeTestMethods(Invoker.java:988)
	at org.testng.internal.TestMethodWorker.invokeTestMethods(TestMethodWorker.java:125)
	at org.testng.internal.TestMethodWorker.run(TestMethodWorker.java:109)
	at org.testng.TestRunner.privateRun(TestRunner.java:648)
	at org.testng.TestRunner.run(TestRunner.java:505)
	at org.testng.SuiteRunner.runTest(SuiteRunner.java:455)
	at org.testng.SuiteRunner.runSequentially(SuiteRunner.java:450)
	at org.testng.SuiteRunner.privateRun(SuiteRunner.java:415)
	at org.testng.SuiteRunner.run(SuiteRunner.java:364)
	at org.testng.SuiteRunnerWorker.runSuite(SuiteRunnerWorker.java:52)
	at org.testng.SuiteRunnerWorker.run(SuiteRunnerWorker.java:84)
	at org.testng.TestNG.runSuitesSequentially(TestNG.java:1208)
	at org.testng.TestNG.runSuitesLocally(TestNG.java:1137)
	at org.testng.TestNG.runSuites(TestNG.java:1049)
	at org.testng.TestNG.run(TestNG.java:1017)
	at org.testng.remote.AbstractRemoteTestNG.run(AbstractRemoteTestNG.java:114)
	at org.testng.remote.RemoteTestNG.initAndRun(RemoteTestNG.java:251)
	at org.testng.remote.RemoteTestNG.main(RemoteTestNG.java:77)
</pre></div></td>
<td>8</td>
<td>restAssuredApi.ApiPostTest@ae45eb6</td></tr>
<tr>
<td title='restAssuredApi.ApiPostTest.postTest()'><b>postTest</b><br>Test class: restAssuredApi.ApiPostTest<br>Parameters: {"PARTNER":"Test drive6","TITLE_MEDI":"Ms.","MOB_NUMBER":"9739865868","NAME_LAST":"Saha","NAME_FIRST":"Aritra","STATUS_TYPE":"i"}</td>
<td><div><pre>java.lang.AssertionError: expected [200] but found [503]
	at restAssuredApi.ApiPostTest.postTest(ApiPostTest.java:41)
... Removed 31 stack frames</pre></div><a href='#' onClick='toggleBox("stack-trace1205483858", this, "Click to show all stack frames", "Click to hide stack frames")'>Click to show all stack frames</a>
<div class='stack-trace' id='stack-trace1205483858'><pre>java.lang.AssertionError: expected [200] but found [503]
	at org.testng.Assert.fail(Assert.java:96)
	at org.testng.Assert.failNotEquals(Assert.java:776)
	at org.testng.Assert.assertEqualsImpl(Assert.java:137)
	at org.testng.Assert.assertEquals(Assert.java:118)
	at org.testng.Assert.assertEquals(Assert.java:652)
	at org.testng.Assert.assertEquals(Assert.java:662)
	at restAssuredApi.ApiPostTest.postTest(ApiPostTest.java:41)
	at sun.reflect.NativeMethodAccessorImpl.invoke0(Native Method)
	at sun.reflect.NativeMethodAccessorImpl.invoke(Unknown Source)
	at sun.reflect.DelegatingMethodAccessorImpl.invoke(Unknown Source)
	at java.lang.reflect.Method.invoke(Unknown Source)
	at org.testng.internal.MethodInvocationHelper.invokeMethod(MethodInvocationHelper.java:124)
	at org.testng.internal.Invoker.invokeMethod(Invoker.java:580)
	at org.testng.internal.Invoker.invokeTestMethod(Invoker.java:716)
	at org.testng.internal.Invoker.invokeTestMethods(Invoker.java:988)
	at org.testng.internal.TestMethodWorker.invokeTestMethods(TestMethodWorker.java:125)
	at org.testng.internal.TestMethodWorker.run(TestMethodWorker.java:109)
	at org.testng.TestRunner.privateRun(TestRunner.java:648)
	at org.testng.TestRunner.run(TestRunner.java:505)
	at org.testng.SuiteRunner.runTest(SuiteRunner.java:455)
	at org.testng.SuiteRunner.runSequentially(SuiteRunner.java:450)
	at org.testng.SuiteRunner.privateRun(SuiteRunner.java:415)
	at org.testng.SuiteRunner.run(SuiteRunner.java:364)
	at org.testng.SuiteRunnerWorker.runSuite(SuiteRunnerWorker.java:52)
	at org.testng.SuiteRunnerWorker.run(SuiteRunnerWorker.java:84)
	at org.testng.TestNG.runSuitesSequentially(TestNG.java:1208)
	at org.testng.TestNG.runSuitesLocally(TestNG.java:1137)
	at org.testng.TestNG.runSuites(TestNG.java:1049)
	at org.testng.TestNG.run(TestNG.java:1017)
	at org.testng.remote.AbstractRemoteTestNG.run(AbstractRemoteTestNG.java:114)
	at org.testng.remote.RemoteTestNG.initAndRun(RemoteTestNG.java:251)
	at org.testng.remote.RemoteTestNG.main(RemoteTestNG.java:77)
</pre></div></td>
<td>8</td>
<td>restAssuredApi.ApiPostTest@ae45eb6</td></tr>
<tr>
<td title='restAssuredApi.ApiPostTest.postTest()'><b>postTest</b><br>Test class: restAssuredApi.ApiPostTest<br>Parameters: {"PARTNER":"Test drive6","TITLE_MEDI":"Ms.","MOB_NUMBER":"9739865868","NAME_LAST":"Saha","NAME_FIRST":"Aritra","STATUS_TYPE":"i"}</td>
<td><div><pre>java.lang.AssertionError: expected [200] but found [503]
	at restAssuredApi.ApiPostTest.postTest(ApiPostTest.java:41)
... Removed 30 stack frames</pre></div><a href='#' onClick='toggleBox("stack-trace261845810", this, "Click to show all stack frames", "Click to hide stack frames")'>Click to show all stack frames</a>
<div class='stack-trace' id='stack-trace261845810'><pre>java.lang.AssertionError: expected [200] but found [503]
	at org.testng.Assert.fail(Assert.java:96)
	at org.testng.Assert.failNotEquals(Assert.java:776)
	at org.testng.Assert.assertEqualsImpl(Assert.java:137)
	at org.testng.Assert.assertEquals(Assert.java:118)
	at org.testng.Assert.assertEquals(Assert.java:652)
	at org.testng.Assert.assertEquals(Assert.java:662)
	at restAssuredApi.ApiPostTest.postTest(ApiPostTest.java:41)
	at sun.reflect.GeneratedMethodAccessor57.invoke(Unknown Source)
	at sun.reflect.DelegatingMethodAccessorImpl.invoke(Unknown Source)
	at java.lang.reflect.Method.invoke(Unknown Source)
	at org.testng.internal.MethodInvocationHelper.invokeMethod(MethodInvocationHelper.java:124)
	at org.testng.internal.Invoker.invokeMethod(Invoker.java:580)
	at org.testng.internal.Invoker.invokeTestMethod(Invoker.java:716)
	at org.testng.internal.Invoker.invokeTestMethods(Invoker.java:988)
	at org.testng.internal.TestMethodWorker.invokeTestMethods(TestMethodWorker.java:125)
	at org.testng.internal.TestMethodWorker.run(TestMethodWorker.java:109)
	at org.testng.TestRunner.privateRun(TestRunner.java:648)
	at org.testng.TestRunner.run(TestRunner.java:505)
	at org.testng.SuiteRunner.runTest(SuiteRunner.java:455)
	at org.testng.SuiteRunner.runSequentially(SuiteRunner.java:450)
	at org.testng.SuiteRunner.privateRun(SuiteRunner.java:415)
	at org.testng.SuiteRunner.run(SuiteRunner.java:364)
	at org.testng.SuiteRunnerWorker.runSuite(SuiteRunnerWorker.java:52)
	at org.testng.SuiteRunnerWorker.run(SuiteRunnerWorker.java:84)
	at org.testng.TestNG.runSuitesSequentially(TestNG.java:1208)
	at org.testng.TestNG.runSuitesLocally(TestNG.java:1137)
	at org.testng.TestNG.runSuites(TestNG.java:1049)
	at org.testng.TestNG.run(TestNG.java:1017)
	at org.testng.remote.AbstractRemoteTestNG.run(AbstractRemoteTestNG.java:114)
	at org.testng.remote.RemoteTestNG.initAndRun(RemoteTestNG.java:251)
	at org.testng.remote.RemoteTestNG.main(RemoteTestNG.java:77)
</pre></div></td>
<td>8</td>
<td>restAssuredApi.ApiPostTest@ae45eb6</td></tr>
<tr>
<td title='restAssuredApi.ApiPostTest.postTest()'><b>postTest</b><br>Test class: restAssuredApi.ApiPostTest<br>Parameters: {"PARTNER":"Test drive6","TITLE_MEDI":"Ms.","MOB_NUMBER":"9739865868","NAME_LAST":"Saha","NAME_FIRST":"Aritra","STATUS_TYPE":"d"}</td>
<td><div><pre>java.lang.AssertionError: expected [200] but found [503]
	at restAssuredApi.ApiPostTest.postTest(ApiPostTest.java:41)
... Removed 30 stack frames</pre></div><a href='#' onClick='toggleBox("stack-trace799755007", this, "Click to show all stack frames", "Click to hide stack frames")'>Click to show all stack frames</a>
<div class='stack-trace' id='stack-trace799755007'><pre>java.lang.AssertionError: expected [200] but found [503]
	at org.testng.Assert.fail(Assert.java:96)
	at org.testng.Assert.failNotEquals(Assert.java:776)
	at org.testng.Assert.assertEqualsImpl(Assert.java:137)
	at org.testng.Assert.assertEquals(Assert.java:118)
	at org.testng.Assert.assertEquals(Assert.java:652)
	at org.testng.Assert.assertEquals(Assert.java:662)
	at restAssuredApi.ApiPostTest.postTest(ApiPostTest.java:41)
	at sun.reflect.GeneratedMethodAccessor57.invoke(Unknown Source)
	at sun.reflect.DelegatingMethodAccessorImpl.invoke(Unknown Source)
	at java.lang.reflect.Method.invoke(Unknown Source)
	at org.testng.internal.MethodInvocationHelper.invokeMethod(MethodInvocationHelper.java:124)
	at org.testng.internal.Invoker.invokeMethod(Invoker.java:580)
	at org.testng.internal.Invoker.invokeTestMethod(Invoker.java:716)
	at org.testng.internal.Invoker.invokeTestMethods(Invoker.java:988)
	at org.testng.internal.TestMethodWorker.invokeTestMethods(TestMethodWorker.java:125)
	at org.testng.internal.TestMethodWorker.run(TestMethodWorker.java:109)
	at org.testng.TestRunner.privateRun(TestRunner.java:648)
	at org.testng.TestRunner.run(TestRunner.java:505)
	at org.testng.SuiteRunner.runTest(SuiteRunner.java:455)
	at org.testng.SuiteRunner.runSequentially(SuiteRunner.java:450)
	at org.testng.SuiteRunner.privateRun(SuiteRunner.java:415)
	at org.testng.SuiteRunner.run(SuiteRunner.java:364)
	at org.testng.SuiteRunnerWorker.runSuite(SuiteRunnerWorker.java:52)
	at org.testng.SuiteRunnerWorker.run(SuiteRunnerWorker.java:84)
	at org.testng.TestNG.runSuitesSequentially(TestNG.java:1208)
	at org.testng.TestNG.runSuitesLocally(TestNG.java:1137)
	at org.testng.TestNG.runSuites(TestNG.java:1049)
	at org.testng.TestNG.run(TestNG.java:1017)
	at org.testng.remote.AbstractRemoteTestNG.run(AbstractRemoteTestNG.java:114)
	at org.testng.remote.RemoteTestNG.initAndRun(RemoteTestNG.java:251)
	at org.testng.remote.RemoteTestNG.main(RemoteTestNG.java:77)
</pre></div></td>
<td>8</td>
<td>restAssuredApi.ApiPostTest@ae45eb6</td></tr>
<tr>
<td title='restAssuredApi.ApiPostTest.postTest()'><b>postTest</b><br>Test class: restAssuredApi.ApiPostTest<br>Parameters: {"PARTNER":"Test drive6","TITLE_MEDI":"Ms.","MOB_NUMBER":"9739865868","NAME_LAST":"Saha","NAME_FIRST":"Aritra","STATUS_TYPE":"i"}</td>
<td><div><pre>java.lang.AssertionError: expected [200] but found [503]
	at restAssuredApi.ApiPostTest.postTest(ApiPostTest.java:41)
... Removed 30 stack frames</pre></div><a href='#' onClick='toggleBox("stack-trace701487403", this, "Click to show all stack frames", "Click to hide stack frames")'>Click to show all stack frames</a>
<div class='stack-trace' id='stack-trace701487403'><pre>java.lang.AssertionError: expected [200] but found [503]
	at org.testng.Assert.fail(Assert.java:96)
	at org.testng.Assert.failNotEquals(Assert.java:776)
	at org.testng.Assert.assertEqualsImpl(Assert.java:137)
	at org.testng.Assert.assertEquals(Assert.java:118)
	at org.testng.Assert.assertEquals(Assert.java:652)
	at org.testng.Assert.assertEquals(Assert.java:662)
	at restAssuredApi.ApiPostTest.postTest(ApiPostTest.java:41)
	at sun.reflect.GeneratedMethodAccessor57.invoke(Unknown Source)
	at sun.reflect.DelegatingMethodAccessorImpl.invoke(Unknown Source)
	at java.lang.reflect.Method.invoke(Unknown Source)
	at org.testng.internal.MethodInvocationHelper.invokeMethod(MethodInvocationHelper.java:124)
	at org.testng.internal.Invoker.invokeMethod(Invoker.java:580)
	at org.testng.internal.Invoker.invokeTestMethod(Invoker.java:716)
	at org.testng.internal.Invoker.invokeTestMethods(Invoker.java:988)
	at org.testng.internal.TestMethodWorker.invokeTestMethods(TestMethodWorker.java:125)
	at org.testng.internal.TestMethodWorker.run(TestMethodWorker.java:109)
	at org.testng.TestRunner.privateRun(TestRunner.java:648)
	at org.testng.TestRunner.run(TestRunner.java:505)
	at org.testng.SuiteRunner.runTest(SuiteRunner.java:455)
	at org.testng.SuiteRunner.runSequentially(SuiteRunner.java:450)
	at org.testng.SuiteRunner.privateRun(SuiteRunner.java:415)
	at org.testng.SuiteRunner.run(SuiteRunner.java:364)
	at org.testng.SuiteRunnerWorker.runSuite(SuiteRunnerWorker.java:52)
	at org.testng.SuiteRunnerWorker.run(SuiteRunnerWorker.java:84)
	at org.testng.TestNG.runSuitesSequentially(TestNG.java:1208)
	at org.testng.TestNG.runSuitesLocally(TestNG.java:1137)
	at org.testng.TestNG.runSuites(TestNG.java:1049)
	at org.testng.TestNG.run(TestNG.java:1017)
	at org.testng.remote.AbstractRemoteTestNG.run(AbstractRemoteTestNG.java:114)
	at org.testng.remote.RemoteTestNG.initAndRun(RemoteTestNG.java:251)
	at org.testng.remote.RemoteTestNG.main(RemoteTestNG.java:77)
</pre></div></td>
<td>8</td>
<td>restAssuredApi.ApiPostTest@ae45eb6</td></tr>
<tr>
<td title='restAssuredApi.ApiPostTest.postTest()'><b>postTest</b><br>Test class: restAssuredApi.ApiPostTest<br>Parameters: {"PARTNER":"Test drive6","TITLE_MEDI":"Ms.","MOB_NUMBER":"9739865868","NAME_LAST":"Saha","NAME_FIRST":"Aritra","STATUS_TYPE":"i"}</td>
<td><div><pre>java.lang.AssertionError: expected [200] but found [503]
	at restAssuredApi.ApiPostTest.postTest(ApiPostTest.java:41)
... Removed 30 stack frames</pre></div><a href='#' onClick='toggleBox("stack-trace1278616846", this, "Click to show all stack frames", "Click to hide stack frames")'>Click to show all stack frames</a>
<div class='stack-trace' id='stack-trace1278616846'><pre>java.lang.AssertionError: expected [200] but found [503]
	at org.testng.Assert.fail(Assert.java:96)
	at org.testng.Assert.failNotEquals(Assert.java:776)
	at org.testng.Assert.assertEqualsImpl(Assert.java:137)
	at org.testng.Assert.assertEquals(Assert.java:118)
	at org.testng.Assert.assertEquals(Assert.java:652)
	at org.testng.Assert.assertEquals(Assert.java:662)
	at restAssuredApi.ApiPostTest.postTest(ApiPostTest.java:41)
	at sun.reflect.GeneratedMethodAccessor57.invoke(Unknown Source)
	at sun.reflect.DelegatingMethodAccessorImpl.invoke(Unknown Source)
	at java.lang.reflect.Method.invoke(Unknown Source)
	at org.testng.internal.MethodInvocationHelper.invokeMethod(MethodInvocationHelper.java:124)
	at org.testng.internal.Invoker.invokeMethod(Invoker.java:580)
	at org.testng.internal.Invoker.invokeTestMethod(Invoker.java:716)
	at org.testng.internal.Invoker.invokeTestMethods(Invoker.java:988)
	at org.testng.internal.TestMethodWorker.invokeTestMethods(TestMethodWorker.java:125)
	at org.testng.internal.TestMethodWorker.run(TestMethodWorker.java:109)
	at org.testng.TestRunner.privateRun(TestRunner.java:648)
	at org.testng.TestRunner.run(TestRunner.java:505)
	at org.testng.SuiteRunner.runTest(SuiteRunner.java:455)
	at org.testng.SuiteRunner.runSequentially(SuiteRunner.java:450)
	at org.testng.SuiteRunner.privateRun(SuiteRunner.java:415)
	at org.testng.SuiteRunner.run(SuiteRunner.java:364)
	at org.testng.SuiteRunnerWorker.runSuite(SuiteRunnerWorker.java:52)
	at org.testng.SuiteRunnerWorker.run(SuiteRunnerWorker.java:84)
	at org.testng.TestNG.runSuitesSequentially(TestNG.java:1208)
	at org.testng.TestNG.runSuitesLocally(TestNG.java:1137)
	at org.testng.TestNG.runSuites(TestNG.java:1049)
	at org.testng.TestNG.run(TestNG.java:1017)
	at org.testng.remote.AbstractRemoteTestNG.run(AbstractRemoteTestNG.java:114)
	at org.testng.remote.RemoteTestNG.initAndRun(RemoteTestNG.java:251)
	at org.testng.remote.RemoteTestNG.main(RemoteTestNG.java:77)
</pre></div></td>
<td>8</td>
<td>restAssuredApi.ApiPostTest@ae45eb6</td></tr>
<tr>
<td title='restAssuredApi.ApiPostTest.postTest()'><b>postTest</b><br>Test class: restAssuredApi.ApiPostTest<br>Parameters: {"PARTNER":"Test drive6","TITLE_MEDI":"Ms.","MOB_NUMBER":"9739865868","NAME_LAST":"Saha","NAME_FIRST":"Aritra","STATUS_TYPE":"i"}</td>
<td><div><pre>java.lang.AssertionError: expected [200] but found [503]
	at restAssuredApi.ApiPostTest.postTest(ApiPostTest.java:41)
... Removed 30 stack frames</pre></div><a href='#' onClick='toggleBox("stack-trace290096578", this, "Click to show all stack frames", "Click to hide stack frames")'>Click to show all stack frames</a>
<div class='stack-trace' id='stack-trace290096578'><pre>java.lang.AssertionError: expected [200] but found [503]
	at org.testng.Assert.fail(Assert.java:96)
	at org.testng.Assert.failNotEquals(Assert.java:776)
	at org.testng.Assert.assertEqualsImpl(Assert.java:137)
	at org.testng.Assert.assertEquals(Assert.java:118)
	at org.testng.Assert.assertEquals(Assert.java:652)
	at org.testng.Assert.assertEquals(Assert.java:662)
	at restAssuredApi.ApiPostTest.postTest(ApiPostTest.java:41)
	at sun.reflect.GeneratedMethodAccessor57.invoke(Unknown Source)
	at sun.reflect.DelegatingMethodAccessorImpl.invoke(Unknown Source)
	at java.lang.reflect.Method.invoke(Unknown Source)
	at org.testng.internal.MethodInvocationHelper.invokeMethod(MethodInvocationHelper.java:124)
	at org.testng.internal.Invoker.invokeMethod(Invoker.java:580)
	at org.testng.internal.Invoker.invokeTestMethod(Invoker.java:716)
	at org.testng.internal.Invoker.invokeTestMethods(Invoker.java:988)
	at org.testng.internal.TestMethodWorker.invokeTestMethods(TestMethodWorker.java:125)
	at org.testng.internal.TestMethodWorker.run(TestMethodWorker.java:109)
	at org.testng.TestRunner.privateRun(TestRunner.java:648)
	at org.testng.TestRunner.run(TestRunner.java:505)
	at org.testng.SuiteRunner.runTest(SuiteRunner.java:455)
	at org.testng.SuiteRunner.runSequentially(SuiteRunner.java:450)
	at org.testng.SuiteRunner.privateRun(SuiteRunner.java:415)
	at org.testng.SuiteRunner.run(SuiteRunner.java:364)
	at org.testng.SuiteRunnerWorker.runSuite(SuiteRunnerWorker.java:52)
	at org.testng.SuiteRunnerWorker.run(SuiteRunnerWorker.java:84)
	at org.testng.TestNG.runSuitesSequentially(TestNG.java:1208)
	at org.testng.TestNG.runSuitesLocally(TestNG.java:1137)
	at org.testng.TestNG.runSuites(TestNG.java:1049)
	at org.testng.TestNG.run(TestNG.java:1017)
	at org.testng.remote.AbstractRemoteTestNG.run(AbstractRemoteTestNG.java:114)
	at org.testng.remote.RemoteTestNG.initAndRun(RemoteTestNG.java:251)
	at org.testng.remote.RemoteTestNG.main(RemoteTestNG.java:77)
</pre></div></td>
<td>8</td>
<td>restAssuredApi.ApiPostTest@ae45eb6</td></tr>
<tr>
<td title='restAssuredApi.ApiPostTest.postTest()'><b>postTest</b><br>Test class: restAssuredApi.ApiPostTest<br>Parameters: {"PARTNER":"Test drive6","TITLE_MEDI":"Ms.","MOB_NUMBER":"9739865868","NAME_LAST":"Saha","NAME_FIRST":"Aritra","STATUS_TYPE":"d"}</td>
<td><div><pre>java.lang.AssertionError: expected [200] but found [503]
	at restAssuredApi.ApiPostTest.postTest(ApiPostTest.java:41)
... Removed 30 stack frames</pre></div><a href='#' onClick='toggleBox("stack-trace938405008", this, "Click to show all stack frames", "Click to hide stack frames")'>Click to show all stack frames</a>
<div class='stack-trace' id='stack-trace938405008'><pre>java.lang.AssertionError: expected [200] but found [503]
	at org.testng.Assert.fail(Assert.java:96)
	at org.testng.Assert.failNotEquals(Assert.java:776)
	at org.testng.Assert.assertEqualsImpl(Assert.java:137)
	at org.testng.Assert.assertEquals(Assert.java:118)
	at org.testng.Assert.assertEquals(Assert.java:652)
	at org.testng.Assert.assertEquals(Assert.java:662)
	at restAssuredApi.ApiPostTest.postTest(ApiPostTest.java:41)
	at sun.reflect.GeneratedMethodAccessor57.invoke(Unknown Source)
	at sun.reflect.DelegatingMethodAccessorImpl.invoke(Unknown Source)
	at java.lang.reflect.Method.invoke(Unknown Source)
	at org.testng.internal.MethodInvocationHelper.invokeMethod(MethodInvocationHelper.java:124)
	at org.testng.internal.Invoker.invokeMethod(Invoker.java:580)
	at org.testng.internal.Invoker.invokeTestMethod(Invoker.java:716)
	at org.testng.internal.Invoker.invokeTestMethods(Invoker.java:988)
	at org.testng.internal.TestMethodWorker.invokeTestMethods(TestMethodWorker.java:125)
	at org.testng.internal.TestMethodWorker.run(TestMethodWorker.java:109)
	at org.testng.TestRunner.privateRun(TestRunner.java:648)
	at org.testng.TestRunner.run(TestRunner.java:505)
	at org.testng.SuiteRunner.runTest(SuiteRunner.java:455)
	at org.testng.SuiteRunner.runSequentially(SuiteRunner.java:450)
	at org.testng.SuiteRunner.privateRun(SuiteRunner.java:415)
	at org.testng.SuiteRunner.run(SuiteRunner.java:364)
	at org.testng.SuiteRunnerWorker.runSuite(SuiteRunnerWorker.java:52)
	at org.testng.SuiteRunnerWorker.run(SuiteRunnerWorker.java:84)
	at org.testng.TestNG.runSuitesSequentially(TestNG.java:1208)
	at org.testng.TestNG.runSuitesLocally(TestNG.java:1137)
	at org.testng.TestNG.runSuites(TestNG.java:1049)
	at org.testng.TestNG.run(TestNG.java:1017)
	at org.testng.remote.AbstractRemoteTestNG.run(AbstractRemoteTestNG.java:114)
	at org.testng.remote.RemoteTestNG.initAndRun(RemoteTestNG.java:251)
	at org.testng.remote.RemoteTestNG.main(RemoteTestNG.java:77)
</pre></div></td>
<td>8</td>
<td>restAssuredApi.ApiPostTest@ae45eb6</td></tr>
<tr>
<td title='restAssuredApi.ApiPostTest.postTest()'><b>postTest</b><br>Test class: restAssuredApi.ApiPostTest<br>Parameters: {"PARTNER":"Test drive6","TITLE_MEDI":"Ms.","MOB_NUMBER":"9739865868","NAME_LAST":"Saha","NAME_FIRST":"Aritra","STATUS_TYPE":"i"}</td>
<td><div><pre>java.lang.AssertionError: expected [200] but found [503]
	at restAssuredApi.ApiPostTest.postTest(ApiPostTest.java:41)
... Removed 30 stack frames</pre></div><a href='#' onClick='toggleBox("stack-trace1174881426", this, "Click to show all stack frames", "Click to hide stack frames")'>Click to show all stack frames</a>
<div class='stack-trace' id='stack-trace1174881426'><pre>java.lang.AssertionError: expected [200] but found [503]
	at org.testng.Assert.fail(Assert.java:96)
	at org.testng.Assert.failNotEquals(Assert.java:776)
	at org.testng.Assert.assertEqualsImpl(Assert.java:137)
	at org.testng.Assert.assertEquals(Assert.java:118)
	at org.testng.Assert.assertEquals(Assert.java:652)
	at org.testng.Assert.assertEquals(Assert.java:662)
	at restAssuredApi.ApiPostTest.postTest(ApiPostTest.java:41)
	at sun.reflect.GeneratedMethodAccessor57.invoke(Unknown Source)
	at sun.reflect.DelegatingMethodAccessorImpl.invoke(Unknown Source)
	at java.lang.reflect.Method.invoke(Unknown Source)
	at org.testng.internal.MethodInvocationHelper.invokeMethod(MethodInvocationHelper.java:124)
	at org.testng.internal.Invoker.invokeMethod(Invoker.java:580)
	at org.testng.internal.Invoker.invokeTestMethod(Invoker.java:716)
	at org.testng.internal.Invoker.invokeTestMethods(Invoker.java:988)
	at org.testng.internal.TestMethodWorker.invokeTestMethods(TestMethodWorker.java:125)
	at org.testng.internal.TestMethodWorker.run(TestMethodWorker.java:109)
	at org.testng.TestRunner.privateRun(TestRunner.java:648)
	at org.testng.TestRunner.run(TestRunner.java:505)
	at org.testng.SuiteRunner.runTest(SuiteRunner.java:455)
	at org.testng.SuiteRunner.runSequentially(SuiteRunner.java:450)
	at org.testng.SuiteRunner.privateRun(SuiteRunner.java:415)
	at org.testng.SuiteRunner.run(SuiteRunner.java:364)
	at org.testng.SuiteRunnerWorker.runSuite(SuiteRunnerWorker.java:52)
	at org.testng.SuiteRunnerWorker.run(SuiteRunnerWorker.java:84)
	at org.testng.TestNG.runSuitesSequentially(TestNG.java:1208)
	at org.testng.TestNG.runSuitesLocally(TestNG.java:1137)
	at org.testng.TestNG.runSuites(TestNG.java:1049)
	at org.testng.TestNG.run(TestNG.java:1017)
	at org.testng.remote.AbstractRemoteTestNG.run(AbstractRemoteTestNG.java:114)
	at org.testng.remote.RemoteTestNG.initAndRun(RemoteTestNG.java:251)
	at org.testng.remote.RemoteTestNG.main(RemoteTestNG.java:77)
</pre></div></td>
<td>8</td>
<td>restAssuredApi.ApiPostTest@ae45eb6</td></tr>
<tr>
<td title='restAssuredApi.ApiPostTest.postTest()'><b>postTest</b><br>Test class: restAssuredApi.ApiPostTest<br>Parameters: {"PARTNER":"Test drive6","TITLE_MEDI":"Ms.","MOB_NUMBER":"9739865868","NAME_LAST":"Saha","NAME_FIRST":"Aritra","STATUS_TYPE":"i"}</td>
<td><div><pre>java.lang.AssertionError: expected [200] but found [503]
	at restAssuredApi.ApiPostTest.postTest(ApiPostTest.java:41)
... Removed 30 stack frames</pre></div><a href='#' onClick='toggleBox("stack-trace1617156106", this, "Click to show all stack frames", "Click to hide stack frames")'>Click to show all stack frames</a>
<div class='stack-trace' id='stack-trace1617156106'><pre>java.lang.AssertionError: expected [200] but found [503]
	at org.testng.Assert.fail(Assert.java:96)
	at org.testng.Assert.failNotEquals(Assert.java:776)
	at org.testng.Assert.assertEqualsImpl(Assert.java:137)
	at org.testng.Assert.assertEquals(Assert.java:118)
	at org.testng.Assert.assertEquals(Assert.java:652)
	at org.testng.Assert.assertEquals(Assert.java:662)
	at restAssuredApi.ApiPostTest.postTest(ApiPostTest.java:41)
	at sun.reflect.GeneratedMethodAccessor57.invoke(Unknown Source)
	at sun.reflect.DelegatingMethodAccessorImpl.invoke(Unknown Source)
	at java.lang.reflect.Method.invoke(Unknown Source)
	at org.testng.internal.MethodInvocationHelper.invokeMethod(MethodInvocationHelper.java:124)
	at org.testng.internal.Invoker.invokeMethod(Invoker.java:580)
	at org.testng.internal.Invoker.invokeTestMethod(Invoker.java:716)
	at org.testng.internal.Invoker.invokeTestMethods(Invoker.java:988)
	at org.testng.internal.TestMethodWorker.invokeTestMethods(TestMethodWorker.java:125)
	at org.testng.internal.TestMethodWorker.run(TestMethodWorker.java:109)
	at org.testng.TestRunner.privateRun(TestRunner.java:648)
	at org.testng.TestRunner.run(TestRunner.java:505)
	at org.testng.SuiteRunner.runTest(SuiteRunner.java:455)
	at org.testng.SuiteRunner.runSequentially(SuiteRunner.java:450)
	at org.testng.SuiteRunner.privateRun(SuiteRunner.java:415)
	at org.testng.SuiteRunner.run(SuiteRunner.java:364)
	at org.testng.SuiteRunnerWorker.runSuite(SuiteRunnerWorker.java:52)
	at org.testng.SuiteRunnerWorker.run(SuiteRunnerWorker.java:84)
	at org.testng.TestNG.runSuitesSequentially(TestNG.java:1208)
	at org.testng.TestNG.runSuitesLocally(TestNG.java:1137)
	at org.testng.TestNG.runSuites(TestNG.java:1049)
	at org.testng.TestNG.run(TestNG.java:1017)
	at org.testng.remote.AbstractRemoteTestNG.run(AbstractRemoteTestNG.java:114)
	at org.testng.remote.RemoteTestNG.initAndRun(RemoteTestNG.java:251)
	at org.testng.remote.RemoteTestNG.main(RemoteTestNG.java:77)
</pre></div></td>
<td>8</td>
<td>restAssuredApi.ApiPostTest@ae45eb6</td></tr>
<tr>
<td title='restAssuredApi.ApiPostTest.postTest()'><b>postTest</b><br>Test class: restAssuredApi.ApiPostTest<br>Parameters: {"PARTNER":"Test drive6","TITLE_MEDI":"Ms.","MOB_NUMBER":"9739865868","NAME_LAST":"Saha","NAME_FIRST":"Aritra","STATUS_TYPE":"i"}</td>
<td><div><pre>java.lang.AssertionError: expected [200] but found [503]
	at restAssuredApi.ApiPostTest.postTest(ApiPostTest.java:41)
... Removed 30 stack frames</pre></div><a href='#' onClick='toggleBox("stack-trace1827303532", this, "Click to show all stack frames", "Click to hide stack frames")'>Click to show all stack frames</a>
<div class='stack-trace' id='stack-trace1827303532'><pre>java.lang.AssertionError: expected [200] but found [503]
	at org.testng.Assert.fail(Assert.java:96)
	at org.testng.Assert.failNotEquals(Assert.java:776)
	at org.testng.Assert.assertEqualsImpl(Assert.java:137)
	at org.testng.Assert.assertEquals(Assert.java:118)
	at org.testng.Assert.assertEquals(Assert.java:652)
	at org.testng.Assert.assertEquals(Assert.java:662)
	at restAssuredApi.ApiPostTest.postTest(ApiPostTest.java:41)
	at sun.reflect.GeneratedMethodAccessor57.invoke(Unknown Source)
	at sun.reflect.DelegatingMethodAccessorImpl.invoke(Unknown Source)
	at java.lang.reflect.Method.invoke(Unknown Source)
	at org.testng.internal.MethodInvocationHelper.invokeMethod(MethodInvocationHelper.java:124)
	at org.testng.internal.Invoker.invokeMethod(Invoker.java:580)
	at org.testng.internal.Invoker.invokeTestMethod(Invoker.java:716)
	at org.testng.internal.Invoker.invokeTestMethods(Invoker.java:988)
	at org.testng.internal.TestMethodWorker.invokeTestMethods(TestMethodWorker.java:125)
	at org.testng.internal.TestMethodWorker.run(TestMethodWorker.java:109)
	at org.testng.TestRunner.privateRun(TestRunner.java:648)
	at org.testng.TestRunner.run(TestRunner.java:505)
	at org.testng.SuiteRunner.runTest(SuiteRunner.java:455)
	at org.testng.SuiteRunner.runSequentially(SuiteRunner.java:450)
	at org.testng.SuiteRunner.privateRun(SuiteRunner.java:415)
	at org.testng.SuiteRunner.run(SuiteRunner.java:364)
	at org.testng.SuiteRunnerWorker.runSuite(SuiteRunnerWorker.java:52)
	at org.testng.SuiteRunnerWorker.run(SuiteRunnerWorker.java:84)
	at org.testng.TestNG.runSuitesSequentially(TestNG.java:1208)
	at org.testng.TestNG.runSuitesLocally(TestNG.java:1137)
	at org.testng.TestNG.runSuites(TestNG.java:1049)
	at org.testng.TestNG.run(TestNG.java:1017)
	at org.testng.remote.AbstractRemoteTestNG.run(AbstractRemoteTestNG.java:114)
	at org.testng.remote.RemoteTestNG.initAndRun(RemoteTestNG.java:251)
	at org.testng.remote.RemoteTestNG.main(RemoteTestNG.java:77)
</pre></div></td>
<td>8</td>
<td>restAssuredApi.ApiPostTest@ae45eb6</td></tr>
<tr>
<td title='restAssuredApi.ApiPostTest.postTest()'><b>postTest</b><br>Test class: restAssuredApi.ApiPostTest<br>Parameters: {"PARTNER":"Test drive6","TITLE_MEDI":"Ms.","MOB_NUMBER":"9739865868","NAME_LAST":"Saha","NAME_FIRST":"Aritra","STATUS_TYPE":"i"}</td>
<td><div><pre>java.lang.AssertionError: expected [200] but found [503]
	at restAssuredApi.ApiPostTest.postTest(ApiPostTest.java:41)
... Removed 30 stack frames</pre></div><a href='#' onClick='toggleBox("stack-trace2048102341", this, "Click to show all stack frames", "Click to hide stack frames")'>Click to show all stack frames</a>
<div class='stack-trace' id='stack-trace2048102341'><pre>java.lang.AssertionError: expected [200] but found [503]
	at org.testng.Assert.fail(Assert.java:96)
	at org.testng.Assert.failNotEquals(Assert.java:776)
	at org.testng.Assert.assertEqualsImpl(Assert.java:137)
	at org.testng.Assert.assertEquals(Assert.java:118)
	at org.testng.Assert.assertEquals(Assert.java:652)
	at org.testng.Assert.assertEquals(Assert.java:662)
	at restAssuredApi.ApiPostTest.postTest(ApiPostTest.java:41)
	at sun.reflect.GeneratedMethodAccessor57.invoke(Unknown Source)
	at sun.reflect.DelegatingMethodAccessorImpl.invoke(Unknown Source)
	at java.lang.reflect.Method.invoke(Unknown Source)
	at org.testng.internal.MethodInvocationHelper.invokeMethod(MethodInvocationHelper.java:124)
	at org.testng.internal.Invoker.invokeMethod(Invoker.java:580)
	at org.testng.internal.Invoker.invokeTestMethod(Invoker.java:716)
	at org.testng.internal.Invoker.invokeTestMethods(Invoker.java:988)
	at org.testng.internal.TestMethodWorker.invokeTestMethods(TestMethodWorker.java:125)
	at org.testng.internal.TestMethodWorker.run(TestMethodWorker.java:109)
	at org.testng.TestRunner.privateRun(TestRunner.java:648)
	at org.testng.TestRunner.run(TestRunner.java:505)
	at org.testng.SuiteRunner.runTest(SuiteRunner.java:455)
	at org.testng.SuiteRunner.runSequentially(SuiteRunner.java:450)
	at org.testng.SuiteRunner.privateRun(SuiteRunner.java:415)
	at org.testng.SuiteRunner.run(SuiteRunner.java:364)
	at org.testng.SuiteRunnerWorker.runSuite(SuiteRunnerWorker.java:52)
	at org.testng.SuiteRunnerWorker.run(SuiteRunnerWorker.java:84)
	at org.testng.TestNG.runSuitesSequentially(TestNG.java:1208)
	at org.testng.TestNG.runSuitesLocally(TestNG.java:1137)
	at org.testng.TestNG.runSuites(TestNG.java:1049)
	at org.testng.TestNG.run(TestNG.java:1017)
	at org.testng.remote.AbstractRemoteTestNG.run(AbstractRemoteTestNG.java:114)
	at org.testng.remote.RemoteTestNG.initAndRun(RemoteTestNG.java:251)
	at org.testng.remote.RemoteTestNG.main(RemoteTestNG.java:77)
</pre></div></td>
<td>8</td>
<td>restAssuredApi.ApiPostTest@ae45eb6</td></tr>
<tr>
<td title='restAssuredApi.ApiPostTest.postTest()'><b>postTest</b><br>Test class: restAssuredApi.ApiPostTest<br>Parameters: {"PARTNER":"Test drive6","TITLE_MEDI":"Ms.","MOB_NUMBER":"9739865868","NAME_LAST":"Saha","NAME_FIRST":"Aritra","STATUS_TYPE":"i"}</td>
<td><div><pre>java.lang.AssertionError: expected [200] but found [503]
	at restAssuredApi.ApiPostTest.postTest(ApiPostTest.java:41)
... Removed 30 stack frames</pre></div><a href='#' onClick='toggleBox("stack-trace567656864", this, "Click to show all stack frames", "Click to hide stack frames")'>Click to show all stack frames</a>
<div class='stack-trace' id='stack-trace567656864'><pre>java.lang.AssertionError: expected [200] but found [503]
	at org.testng.Assert.fail(Assert.java:96)
	at org.testng.Assert.failNotEquals(Assert.java:776)
	at org.testng.Assert.assertEqualsImpl(Assert.java:137)
	at org.testng.Assert.assertEquals(Assert.java:118)
	at org.testng.Assert.assertEquals(Assert.java:652)
	at org.testng.Assert.assertEquals(Assert.java:662)
	at restAssuredApi.ApiPostTest.postTest(ApiPostTest.java:41)
	at sun.reflect.GeneratedMethodAccessor57.invoke(Unknown Source)
	at sun.reflect.DelegatingMethodAccessorImpl.invoke(Unknown Source)
	at java.lang.reflect.Method.invoke(Unknown Source)
	at org.testng.internal.MethodInvocationHelper.invokeMethod(MethodInvocationHelper.java:124)
	at org.testng.internal.Invoker.invokeMethod(Invoker.java:580)
	at org.testng.internal.Invoker.invokeTestMethod(Invoker.java:716)
	at org.testng.internal.Invoker.invokeTestMethods(Invoker.java:988)
	at org.testng.internal.TestMethodWorker.invokeTestMethods(TestMethodWorker.java:125)
	at org.testng.internal.TestMethodWorker.run(TestMethodWorker.java:109)
	at org.testng.TestRunner.privateRun(TestRunner.java:648)
	at org.testng.TestRunner.run(TestRunner.java:505)
	at org.testng.SuiteRunner.runTest(SuiteRunner.java:455)
	at org.testng.SuiteRunner.runSequentially(SuiteRunner.java:450)
	at org.testng.SuiteRunner.privateRun(SuiteRunner.java:415)
	at org.testng.SuiteRunner.run(SuiteRunner.java:364)
	at org.testng.SuiteRunnerWorker.runSuite(SuiteRunnerWorker.java:52)
	at org.testng.SuiteRunnerWorker.run(SuiteRunnerWorker.java:84)
	at org.testng.TestNG.runSuitesSequentially(TestNG.java:1208)
	at org.testng.TestNG.runSuitesLocally(TestNG.java:1137)
	at org.testng.TestNG.runSuites(TestNG.java:1049)
	at org.testng.TestNG.run(TestNG.java:1017)
	at org.testng.remote.AbstractRemoteTestNG.run(AbstractRemoteTestNG.java:114)
	at org.testng.remote.RemoteTestNG.initAndRun(RemoteTestNG.java:251)
	at org.testng.remote.RemoteTestNG.main(RemoteTestNG.java:77)
</pre></div></td>
<td>8</td>
<td>restAssuredApi.ApiPostTest@ae45eb6</td></tr>
<tr>
<td title='restAssuredApi.ApiPostTest.postTest()'><b>postTest</b><br>Test class: restAssuredApi.ApiPostTest<br>Parameters: {"PARTNER":"Test drive6","TITLE_MEDI":"Ms.","MOB_NUMBER":"9739865868","NAME_LAST":"Saha","NAME_FIRST":"Aritra","STATUS_TYPE":"d"}</td>
<td><div><pre>java.lang.AssertionError: expected [200] but found [503]
	at restAssuredApi.ApiPostTest.postTest(ApiPostTest.java:41)
... Removed 30 stack frames</pre></div><a href='#' onClick='toggleBox("stack-trace1052842393", this, "Click to show all stack frames", "Click to hide stack frames")'>Click to show all stack frames</a>
<div class='stack-trace' id='stack-trace1052842393'><pre>java.lang.AssertionError: expected [200] but found [503]
	at org.testng.Assert.fail(Assert.java:96)
	at org.testng.Assert.failNotEquals(Assert.java:776)
	at org.testng.Assert.assertEqualsImpl(Assert.java:137)
	at org.testng.Assert.assertEquals(Assert.java:118)
	at org.testng.Assert.assertEquals(Assert.java:652)
	at org.testng.Assert.assertEquals(Assert.java:662)
	at restAssuredApi.ApiPostTest.postTest(ApiPostTest.java:41)
	at sun.reflect.GeneratedMethodAccessor57.invoke(Unknown Source)
	at sun.reflect.DelegatingMethodAccessorImpl.invoke(Unknown Source)
	at java.lang.reflect.Method.invoke(Unknown Source)
	at org.testng.internal.MethodInvocationHelper.invokeMethod(MethodInvocationHelper.java:124)
	at org.testng.internal.Invoker.invokeMethod(Invoker.java:580)
	at org.testng.internal.Invoker.invokeTestMethod(Invoker.java:716)
	at org.testng.internal.Invoker.invokeTestMethods(Invoker.java:988)
	at org.testng.internal.TestMethodWorker.invokeTestMethods(TestMethodWorker.java:125)
	at org.testng.internal.TestMethodWorker.run(TestMethodWorker.java:109)
	at org.testng.TestRunner.privateRun(TestRunner.java:648)
	at org.testng.TestRunner.run(TestRunner.java:505)
	at org.testng.SuiteRunner.runTest(SuiteRunner.java:455)
	at org.testng.SuiteRunner.runSequentially(SuiteRunner.java:450)
	at org.testng.SuiteRunner.privateRun(SuiteRunner.java:415)
	at org.testng.SuiteRunner.run(SuiteRunner.java:364)
	at org.testng.SuiteRunnerWorker.runSuite(SuiteRunnerWorker.java:52)
	at org.testng.SuiteRunnerWorker.run(SuiteRunnerWorker.java:84)
	at org.testng.TestNG.runSuitesSequentially(TestNG.java:1208)
	at org.testng.TestNG.runSuitesLocally(TestNG.java:1137)
	at org.testng.TestNG.runSuites(TestNG.java:1049)
	at org.testng.TestNG.run(TestNG.java:1017)
	at org.testng.remote.AbstractRemoteTestNG.run(AbstractRemoteTestNG.java:114)
	at org.testng.remote.RemoteTestNG.initAndRun(RemoteTestNG.java:251)
	at org.testng.remote.RemoteTestNG.main(RemoteTestNG.java:77)
</pre></div></td>
<td>8</td>
<td>restAssuredApi.ApiPostTest@ae45eb6</td></tr>
<tr>
<td title='restAssuredApi.ApiPostTest.postTest()'><b>postTest</b><br>Test class: restAssuredApi.ApiPostTest<br>Parameters: {"PARTNER":"Test drive6","TITLE_MEDI":"Ms.","MOB_NUMBER":"9739865868","NAME_LAST":"Saha","NAME_FIRST":"Aritra","STATUS_TYPE":"i"}</td>
<td><div><pre>java.lang.AssertionError: expected [200] but found [503]
	at restAssuredApi.ApiPostTest.postTest(ApiPostTest.java:41)
... Removed 30 stack frames</pre></div><a href='#' onClick='toggleBox("stack-trace779598031", this, "Click to show all stack frames", "Click to hide stack frames")'>Click to show all stack frames</a>
<div class='stack-trace' id='stack-trace779598031'><pre>java.lang.AssertionError: expected [200] but found [503]
	at org.testng.Assert.fail(Assert.java:96)
	at org.testng.Assert.failNotEquals(Assert.java:776)
	at org.testng.Assert.assertEqualsImpl(Assert.java:137)
	at org.testng.Assert.assertEquals(Assert.java:118)
	at org.testng.Assert.assertEquals(Assert.java:652)
	at org.testng.Assert.assertEquals(Assert.java:662)
	at restAssuredApi.ApiPostTest.postTest(ApiPostTest.java:41)
	at sun.reflect.GeneratedMethodAccessor57.invoke(Unknown Source)
	at sun.reflect.DelegatingMethodAccessorImpl.invoke(Unknown Source)
	at java.lang.reflect.Method.invoke(Unknown Source)
	at org.testng.internal.MethodInvocationHelper.invokeMethod(MethodInvocationHelper.java:124)
	at org.testng.internal.Invoker.invokeMethod(Invoker.java:580)
	at org.testng.internal.Invoker.invokeTestMethod(Invoker.java:716)
	at org.testng.internal.Invoker.invokeTestMethods(Invoker.java:988)
	at org.testng.internal.TestMethodWorker.invokeTestMethods(TestMethodWorker.java:125)
	at org.testng.internal.TestMethodWorker.run(TestMethodWorker.java:109)
	at org.testng.TestRunner.privateRun(TestRunner.java:648)
	at org.testng.TestRunner.run(TestRunner.java:505)
	at org.testng.SuiteRunner.runTest(SuiteRunner.java:455)
	at org.testng.SuiteRunner.runSequentially(SuiteRunner.java:450)
	at org.testng.SuiteRunner.privateRun(SuiteRunner.java:415)
	at org.testng.SuiteRunner.run(SuiteRunner.java:364)
	at org.testng.SuiteRunnerWorker.runSuite(SuiteRunnerWorker.java:52)
	at org.testng.SuiteRunnerWorker.run(SuiteRunnerWorker.java:84)
	at org.testng.TestNG.runSuitesSequentially(TestNG.java:1208)
	at org.testng.TestNG.runSuitesLocally(TestNG.java:1137)
	at org.testng.TestNG.runSuites(TestNG.java:1049)
	at org.testng.TestNG.run(TestNG.java:1017)
	at org.testng.remote.AbstractRemoteTestNG.run(AbstractRemoteTestNG.java:114)
	at org.testng.remote.RemoteTestNG.initAndRun(RemoteTestNG.java:251)
	at org.testng.remote.RemoteTestNG.main(RemoteTestNG.java:77)
</pre></div></td>
<td>8</td>
<td>restAssuredApi.ApiPostTest@ae45eb6</td></tr>
<tr>
<td title='restAssuredApi.ApiPostTest.postTest()'><b>postTest</b><br>Test class: restAssuredApi.ApiPostTest<br>Parameters: {"PARTNER":"Test drive6","TITLE_MEDI":"Ms.","MOB_NUMBER":"9739865868","NAME_LAST":"Saha","NAME_FIRST":"Aritra","STATUS_TYPE":"i"}</td>
<td><div><pre>java.lang.AssertionError: expected [200] but found [503]
	at restAssuredApi.ApiPostTest.postTest(ApiPostTest.java:41)
... Removed 30 stack frames</pre></div><a href='#' onClick='toggleBox("stack-trace1556461159", this, "Click to show all stack frames", "Click to hide stack frames")'>Click to show all stack frames</a>
<div class='stack-trace' id='stack-trace1556461159'><pre>java.lang.AssertionError: expected [200] but found [503]
	at org.testng.Assert.fail(Assert.java:96)
	at org.testng.Assert.failNotEquals(Assert.java:776)
	at org.testng.Assert.assertEqualsImpl(Assert.java:137)
	at org.testng.Assert.assertEquals(Assert.java:118)
	at org.testng.Assert.assertEquals(Assert.java:652)
	at org.testng.Assert.assertEquals(Assert.java:662)
	at restAssuredApi.ApiPostTest.postTest(ApiPostTest.java:41)
	at sun.reflect.GeneratedMethodAccessor57.invoke(Unknown Source)
	at sun.reflect.DelegatingMethodAccessorImpl.invoke(Unknown Source)
	at java.lang.reflect.Method.invoke(Unknown Source)
	at org.testng.internal.MethodInvocationHelper.invokeMethod(MethodInvocationHelper.java:124)
	at org.testng.internal.Invoker.invokeMethod(Invoker.java:580)
	at org.testng.internal.Invoker.invokeTestMethod(Invoker.java:716)
	at org.testng.internal.Invoker.invokeTestMethods(Invoker.java:988)
	at org.testng.internal.TestMethodWorker.invokeTestMethods(TestMethodWorker.java:125)
	at org.testng.internal.TestMethodWorker.run(TestMethodWorker.java:109)
	at org.testng.TestRunner.privateRun(TestRunner.java:648)
	at org.testng.TestRunner.run(TestRunner.java:505)
	at org.testng.SuiteRunner.runTest(SuiteRunner.java:455)
	at org.testng.SuiteRunner.runSequentially(SuiteRunner.java:450)
	at org.testng.SuiteRunner.privateRun(SuiteRunner.java:415)
	at org.testng.SuiteRunner.run(SuiteRunner.java:364)
	at org.testng.SuiteRunnerWorker.runSuite(SuiteRunnerWorker.java:52)
	at org.testng.SuiteRunnerWorker.run(SuiteRunnerWorker.java:84)
	at org.testng.TestNG.runSuitesSequentially(TestNG.java:1208)
	at org.testng.TestNG.runSuitesLocally(TestNG.java:1137)
	at org.testng.TestNG.runSuites(TestNG.java:1049)
	at org.testng.TestNG.run(TestNG.java:1017)
	at org.testng.remote.AbstractRemoteTestNG.run(AbstractRemoteTestNG.java:114)
	at org.testng.remote.RemoteTestNG.initAndRun(RemoteTestNG.java:251)
	at org.testng.remote.RemoteTestNG.main(RemoteTestNG.java:77)
</pre></div></td>
<td>8</td>
<td>restAssuredApi.ApiPostTest@ae45eb6</td></tr>
<tr>
<td title='restAssuredApi.ApiPostTest.postTest()'><b>postTest</b><br>Test class: restAssuredApi.ApiPostTest<br>Parameters: {"PARTNER":"Test drive6","TITLE_MEDI":"Ms.","MOB_NUMBER":"9739865868","NAME_LAST":"Saha","NAME_FIRST":"Aritra","STATUS_TYPE":"d"}</td>
<td><div><pre>java.lang.AssertionError: expected [200] but found [503]
	at restAssuredApi.ApiPostTest.postTest(ApiPostTest.java:41)
... Removed 30 stack frames</pre></div><a href='#' onClick='toggleBox("stack-trace1764291958", this, "Click to show all stack frames", "Click to hide stack frames")'>Click to show all stack frames</a>
<div class='stack-trace' id='stack-trace1764291958'><pre>java.lang.AssertionError: expected [200] but found [503]
	at org.testng.Assert.fail(Assert.java:96)
	at org.testng.Assert.failNotEquals(Assert.java:776)
	at org.testng.Assert.assertEqualsImpl(Assert.java:137)
	at org.testng.Assert.assertEquals(Assert.java:118)
	at org.testng.Assert.assertEquals(Assert.java:652)
	at org.testng.Assert.assertEquals(Assert.java:662)
	at restAssuredApi.ApiPostTest.postTest(ApiPostTest.java:41)
	at sun.reflect.GeneratedMethodAccessor57.invoke(Unknown Source)
	at sun.reflect.DelegatingMethodAccessorImpl.invoke(Unknown Source)
	at java.lang.reflect.Method.invoke(Unknown Source)
	at org.testng.internal.MethodInvocationHelper.invokeMethod(MethodInvocationHelper.java:124)
	at org.testng.internal.Invoker.invokeMethod(Invoker.java:580)
	at org.testng.internal.Invoker.invokeTestMethod(Invoker.java:716)
	at org.testng.internal.Invoker.invokeTestMethods(Invoker.java:988)
	at org.testng.internal.TestMethodWorker.invokeTestMethods(TestMethodWorker.java:125)
	at org.testng.internal.TestMethodWorker.run(TestMethodWorker.java:109)
	at org.testng.TestRunner.privateRun(TestRunner.java:648)
	at org.testng.TestRunner.run(TestRunner.java:505)
	at org.testng.SuiteRunner.runTest(SuiteRunner.java:455)
	at org.testng.SuiteRunner.runSequentially(SuiteRunner.java:450)
	at org.testng.SuiteRunner.privateRun(SuiteRunner.java:415)
	at org.testng.SuiteRunner.run(SuiteRunner.java:364)
	at org.testng.SuiteRunnerWorker.runSuite(SuiteRunnerWorker.java:52)
	at org.testng.SuiteRunnerWorker.run(SuiteRunnerWorker.java:84)
	at org.testng.TestNG.runSuitesSequentially(TestNG.java:1208)
	at org.testng.TestNG.runSuitesLocally(TestNG.java:1137)
	at org.testng.TestNG.runSuites(TestNG.java:1049)
	at org.testng.TestNG.run(TestNG.java:1017)
	at org.testng.remote.AbstractRemoteTestNG.run(AbstractRemoteTestNG.java:114)
	at org.testng.remote.RemoteTestNG.initAndRun(RemoteTestNG.java:251)
	at org.testng.remote.RemoteTestNG.main(RemoteTestNG.java:77)
</pre></div></td>
<td>8</td>
<td>restAssuredApi.ApiPostTest@ae45eb6</td></tr>
<tr>
<td title='restAssuredApi.ApiPostTest.postTest()'><b>postTest</b><br>Test class: restAssuredApi.ApiPostTest<br>Parameters: {"PARTNER":"Test drive6","TITLE_MEDI":"Ms.","MOB_NUMBER":"9739865868","NAME_LAST":"Saha","NAME_FIRST":"Aritra","STATUS_TYPE":"d"}</td>
<td><div><pre>java.lang.AssertionError: expected [200] but found [503]
	at restAssuredApi.ApiPostTest.postTest(ApiPostTest.java:41)
... Removed 30 stack frames</pre></div><a href='#' onClick='toggleBox("stack-trace1395073533", this, "Click to show all stack frames", "Click to hide stack frames")'>Click to show all stack frames</a>
<div class='stack-trace' id='stack-trace1395073533'><pre>java.lang.AssertionError: expected [200] but found [503]
	at org.testng.Assert.fail(Assert.java:96)
	at org.testng.Assert.failNotEquals(Assert.java:776)
	at org.testng.Assert.assertEqualsImpl(Assert.java:137)
	at org.testng.Assert.assertEquals(Assert.java:118)
	at org.testng.Assert.assertEquals(Assert.java:652)
	at org.testng.Assert.assertEquals(Assert.java:662)
	at restAssuredApi.ApiPostTest.postTest(ApiPostTest.java:41)
	at sun.reflect.GeneratedMethodAccessor57.invoke(Unknown Source)
	at sun.reflect.DelegatingMethodAccessorImpl.invoke(Unknown Source)
	at java.lang.reflect.Method.invoke(Unknown Source)
	at org.testng.internal.MethodInvocationHelper.invokeMethod(MethodInvocationHelper.java:124)
	at org.testng.internal.Invoker.invokeMethod(Invoker.java:580)
	at org.testng.internal.Invoker.invokeTestMethod(Invoker.java:716)
	at org.testng.internal.Invoker.invokeTestMethods(Invoker.java:988)
	at org.testng.internal.TestMethodWorker.invokeTestMethods(TestMethodWorker.java:125)
	at org.testng.internal.TestMethodWorker.run(TestMethodWorker.java:109)
	at org.testng.TestRunner.privateRun(TestRunner.java:648)
	at org.testng.TestRunner.run(TestRunner.java:505)
	at org.testng.SuiteRunner.runTest(SuiteRunner.java:455)
	at org.testng.SuiteRunner.runSequentially(SuiteRunner.java:450)
	at org.testng.SuiteRunner.privateRun(SuiteRunner.java:415)
	at org.testng.SuiteRunner.run(SuiteRunner.java:364)
	at org.testng.SuiteRunnerWorker.runSuite(SuiteRunnerWorker.java:52)
	at org.testng.SuiteRunnerWorker.run(SuiteRunnerWorker.java:84)
	at org.testng.TestNG.runSuitesSequentially(TestNG.java:1208)
	at org.testng.TestNG.runSuitesLocally(TestNG.java:1137)
	at org.testng.TestNG.runSuites(TestNG.java:1049)
	at org.testng.TestNG.run(TestNG.java:1017)
	at org.testng.remote.AbstractRemoteTestNG.run(AbstractRemoteTestNG.java:114)
	at org.testng.remote.RemoteTestNG.initAndRun(RemoteTestNG.java:251)
	at org.testng.remote.RemoteTestNG.main(RemoteTestNG.java:77)
</pre></div></td>
<td>8</td>
<td>restAssuredApi.ApiPostTest@ae45eb6</td></tr>
<tr>
<td title='restAssuredApi.ApiPostTest.postTest()'><b>postTest</b><br>Test class: restAssuredApi.ApiPostTest<br>Parameters: {"PARTNER":"Test drive6","TITLE_MEDI":"Ms.","MOB_NUMBER":"9739865868","NAME_LAST":"Saha","NAME_FIRST":"Aritra","STATUS_TYPE":"i"}</td>
<td><div><pre>java.lang.AssertionError: expected [200] but found [503]
	at restAssuredApi.ApiPostTest.postTest(ApiPostTest.java:41)
... Removed 30 stack frames</pre></div><a href='#' onClick='toggleBox("stack-trace609887969", this, "Click to show all stack frames", "Click to hide stack frames")'>Click to show all stack frames</a>
<div class='stack-trace' id='stack-trace609887969'><pre>java.lang.AssertionError: expected [200] but found [503]
	at org.testng.Assert.fail(Assert.java:96)
	at org.testng.Assert.failNotEquals(Assert.java:776)
	at org.testng.Assert.assertEqualsImpl(Assert.java:137)
	at org.testng.Assert.assertEquals(Assert.java:118)
	at org.testng.Assert.assertEquals(Assert.java:652)
	at org.testng.Assert.assertEquals(Assert.java:662)
	at restAssuredApi.ApiPostTest.postTest(ApiPostTest.java:41)
	at sun.reflect.GeneratedMethodAccessor57.invoke(Unknown Source)
	at sun.reflect.DelegatingMethodAccessorImpl.invoke(Unknown Source)
	at java.lang.reflect.Method.invoke(Unknown Source)
	at org.testng.internal.MethodInvocationHelper.invokeMethod(MethodInvocationHelper.java:124)
	at org.testng.internal.Invoker.invokeMethod(Invoker.java:580)
	at org.testng.internal.Invoker.invokeTestMethod(Invoker.java:716)
	at org.testng.internal.Invoker.invokeTestMethods(Invoker.java:988)
	at org.testng.internal.TestMethodWorker.invokeTestMethods(TestMethodWorker.java:125)
	at org.testng.internal.TestMethodWorker.run(TestMethodWorker.java:109)
	at org.testng.TestRunner.privateRun(TestRunner.java:648)
	at org.testng.TestRunner.run(TestRunner.java:505)
	at org.testng.SuiteRunner.runTest(SuiteRunner.java:455)
	at org.testng.SuiteRunner.runSequentially(SuiteRunner.java:450)
	at org.testng.SuiteRunner.privateRun(SuiteRunner.java:415)
	at org.testng.SuiteRunner.run(SuiteRunner.java:364)
	at org.testng.SuiteRunnerWorker.runSuite(SuiteRunnerWorker.java:52)
	at org.testng.SuiteRunnerWorker.run(SuiteRunnerWorker.java:84)
	at org.testng.TestNG.runSuitesSequentially(TestNG.java:1208)
	at org.testng.TestNG.runSuitesLocally(TestNG.java:1137)
	at org.testng.TestNG.runSuites(TestNG.java:1049)
	at org.testng.TestNG.run(TestNG.java:1017)
	at org.testng.remote.AbstractRemoteTestNG.run(AbstractRemoteTestNG.java:114)
	at org.testng.remote.RemoteTestNG.initAndRun(RemoteTestNG.java:251)
	at org.testng.remote.RemoteTestNG.main(RemoteTestNG.java:77)
</pre></div></td>
<td>8</td>
<td>restAssuredApi.ApiPostTest@ae45eb6</td></tr>
<tr>
<td title='restAssuredApi.ApiPostTest.postTest()'><b>postTest</b><br>Test class: restAssuredApi.ApiPostTest<br>Parameters: {"PARTNER":"Test drive6","TITLE_MEDI":"Ms.","MOB_NUMBER":"9739865868","NAME_LAST":"Saha","NAME_FIRST":"Aritra","STATUS_TYPE":"d"}</td>
<td><div><pre>java.lang.AssertionError: expected [200] but found [503]
	at restAssuredApi.ApiPostTest.postTest(ApiPostTest.java:41)
... Removed 30 stack frames</pre></div><a href='#' onClick='toggleBox("stack-trace773348567", this, "Click to show all stack frames", "Click to hide stack frames")'>Click to show all stack frames</a>
<div class='stack-trace' id='stack-trace773348567'><pre>java.lang.AssertionError: expected [200] but found [503]
	at org.testng.Assert.fail(Assert.java:96)
	at org.testng.Assert.failNotEquals(Assert.java:776)
	at org.testng.Assert.assertEqualsImpl(Assert.java:137)
	at org.testng.Assert.assertEquals(Assert.java:118)
	at org.testng.Assert.assertEquals(Assert.java:652)
	at org.testng.Assert.assertEquals(Assert.java:662)
	at restAssuredApi.ApiPostTest.postTest(ApiPostTest.java:41)
	at sun.reflect.GeneratedMethodAccessor57.invoke(Unknown Source)
	at sun.reflect.DelegatingMethodAccessorImpl.invoke(Unknown Source)
	at java.lang.reflect.Method.invoke(Unknown Source)
	at org.testng.internal.MethodInvocationHelper.invokeMethod(MethodInvocationHelper.java:124)
	at org.testng.internal.Invoker.invokeMethod(Invoker.java:580)
	at org.testng.internal.Invoker.invokeTestMethod(Invoker.java:716)
	at org.testng.internal.Invoker.invokeTestMethods(Invoker.java:988)
	at org.testng.internal.TestMethodWorker.invokeTestMethods(TestMethodWorker.java:125)
	at org.testng.internal.TestMethodWorker.run(TestMethodWorker.java:109)
	at org.testng.TestRunner.privateRun(TestRunner.java:648)
	at org.testng.TestRunner.run(TestRunner.java:505)
	at org.testng.SuiteRunner.runTest(SuiteRunner.java:455)
	at org.testng.SuiteRunner.runSequentially(SuiteRunner.java:450)
	at org.testng.SuiteRunner.privateRun(SuiteRunner.java:415)
	at org.testng.SuiteRunner.run(SuiteRunner.java:364)
	at org.testng.SuiteRunnerWorker.runSuite(SuiteRunnerWorker.java:52)
	at org.testng.SuiteRunnerWorker.run(SuiteRunnerWorker.java:84)
	at org.testng.TestNG.runSuitesSequentially(TestNG.java:1208)
	at org.testng.TestNG.runSuitesLocally(TestNG.java:1137)
	at org.testng.TestNG.runSuites(TestNG.java:1049)
	at org.testng.TestNG.run(TestNG.java:1017)
	at org.testng.remote.AbstractRemoteTestNG.run(AbstractRemoteTestNG.java:114)
	at org.testng.remote.RemoteTestNG.initAndRun(RemoteTestNG.java:251)
	at org.testng.remote.RemoteTestNG.main(RemoteTestNG.java:77)
</pre></div></td>
<td>8</td>
<td>restAssuredApi.ApiPostTest@ae45eb6</td></tr>
<tr>
<td title='restAssuredApi.ApiPostTest.postTest()'><b>postTest</b><br>Test class: restAssuredApi.ApiPostTest<br>Parameters: {"PARTNER":"Test drive6","TITLE_MEDI":"Ms.","MOB_NUMBER":"9739865868","NAME_LAST":"Saha","NAME_FIRST":"Aritra","STATUS_TYPE":"i"}</td>
<td><div><pre>java.lang.AssertionError: expected [200] but found [503]
	at restAssuredApi.ApiPostTest.postTest(ApiPostTest.java:41)
... Removed 30 stack frames</pre></div><a href='#' onClick='toggleBox("stack-trace1746257394", this, "Click to show all stack frames", "Click to hide stack frames")'>Click to show all stack frames</a>
<div class='stack-trace' id='stack-trace1746257394'><pre>java.lang.AssertionError: expected [200] but found [503]
	at org.testng.Assert.fail(Assert.java:96)
	at org.testng.Assert.failNotEquals(Assert.java:776)
	at org.testng.Assert.assertEqualsImpl(Assert.java:137)
	at org.testng.Assert.assertEquals(Assert.java:118)
	at org.testng.Assert.assertEquals(Assert.java:652)
	at org.testng.Assert.assertEquals(Assert.java:662)
	at restAssuredApi.ApiPostTest.postTest(ApiPostTest.java:41)
	at sun.reflect.GeneratedMethodAccessor57.invoke(Unknown Source)
	at sun.reflect.DelegatingMethodAccessorImpl.invoke(Unknown Source)
	at java.lang.reflect.Method.invoke(Unknown Source)
	at org.testng.internal.MethodInvocationHelper.invokeMethod(MethodInvocationHelper.java:124)
	at org.testng.internal.Invoker.invokeMethod(Invoker.java:580)
	at org.testng.internal.Invoker.invokeTestMethod(Invoker.java:716)
	at org.testng.internal.Invoker.invokeTestMethods(Invoker.java:988)
	at org.testng.internal.TestMethodWorker.invokeTestMethods(TestMethodWorker.java:125)
	at org.testng.internal.TestMethodWorker.run(TestMethodWorker.java:109)
	at org.testng.TestRunner.privateRun(TestRunner.java:648)
	at org.testng.TestRunner.run(TestRunner.java:505)
	at org.testng.SuiteRunner.runTest(SuiteRunner.java:455)
	at org.testng.SuiteRunner.runSequentially(SuiteRunner.java:450)
	at org.testng.SuiteRunner.privateRun(SuiteRunner.java:415)
	at org.testng.SuiteRunner.run(SuiteRunner.java:364)
	at org.testng.SuiteRunnerWorker.runSuite(SuiteRunnerWorker.java:52)
	at org.testng.SuiteRunnerWorker.run(SuiteRunnerWorker.java:84)
	at org.testng.TestNG.runSuitesSequentially(TestNG.java:1208)
	at org.testng.TestNG.runSuitesLocally(TestNG.java:1137)
	at org.testng.TestNG.runSuites(TestNG.java:1049)
	at org.testng.TestNG.run(TestNG.java:1017)
	at org.testng.remote.AbstractRemoteTestNG.run(AbstractRemoteTestNG.java:114)
	at org.testng.remote.RemoteTestNG.initAndRun(RemoteTestNG.java:251)
	at org.testng.remote.RemoteTestNG.main(RemoteTestNG.java:77)
</pre></div></td>
<td>8</td>
<td>restAssuredApi.ApiPostTest@ae45eb6</td></tr>
<tr>
<td title='restAssuredApi.ApiPostTest.postTest()'><b>postTest</b><br>Test class: restAssuredApi.ApiPostTest<br>Parameters: {"PARTNER":"Test drive6","TITLE_MEDI":"Ms.","MOB_NUMBER":"9739865868","NAME_LAST":"Saha","NAME_FIRST":"Aritra","STATUS_TYPE":"i"}</td>
<td><div><pre>java.lang.AssertionError: expected [200] but found [503]
	at restAssuredApi.ApiPostTest.postTest(ApiPostTest.java:41)
... Removed 30 stack frames</pre></div><a href='#' onClick='toggleBox("stack-trace1264754451", this, "Click to show all stack frames", "Click to hide stack frames")'>Click to show all stack frames</a>
<div class='stack-trace' id='stack-trace1264754451'><pre>java.lang.AssertionError: expected [200] but found [503]
	at org.testng.Assert.fail(Assert.java:96)
	at org.testng.Assert.failNotEquals(Assert.java:776)
	at org.testng.Assert.assertEqualsImpl(Assert.java:137)
	at org.testng.Assert.assertEquals(Assert.java:118)
	at org.testng.Assert.assertEquals(Assert.java:652)
	at org.testng.Assert.assertEquals(Assert.java:662)
	at restAssuredApi.ApiPostTest.postTest(ApiPostTest.java:41)
	at sun.reflect.GeneratedMethodAccessor57.invoke(Unknown Source)
	at sun.reflect.DelegatingMethodAccessorImpl.invoke(Unknown Source)
	at java.lang.reflect.Method.invoke(Unknown Source)
	at org.testng.internal.MethodInvocationHelper.invokeMethod(MethodInvocationHelper.java:124)
	at org.testng.internal.Invoker.invokeMethod(Invoker.java:580)
	at org.testng.internal.Invoker.invokeTestMethod(Invoker.java:716)
	at org.testng.internal.Invoker.invokeTestMethods(Invoker.java:988)
	at org.testng.internal.TestMethodWorker.invokeTestMethods(TestMethodWorker.java:125)
	at org.testng.internal.TestMethodWorker.run(TestMethodWorker.java:109)
	at org.testng.TestRunner.privateRun(TestRunner.java:648)
	at org.testng.TestRunner.run(TestRunner.java:505)
	at org.testng.SuiteRunner.runTest(SuiteRunner.java:455)
	at org.testng.SuiteRunner.runSequentially(SuiteRunner.java:450)
	at org.testng.SuiteRunner.privateRun(SuiteRunner.java:415)
	at org.testng.SuiteRunner.run(SuiteRunner.java:364)
	at org.testng.SuiteRunnerWorker.runSuite(SuiteRunnerWorker.java:52)
	at org.testng.SuiteRunnerWorker.run(SuiteRunnerWorker.java:84)
	at org.testng.TestNG.runSuitesSequentially(TestNG.java:1208)
	at org.testng.TestNG.runSuitesLocally(TestNG.java:1137)
	at org.testng.TestNG.runSuites(TestNG.java:1049)
	at org.testng.TestNG.run(TestNG.java:1017)
	at org.testng.remote.AbstractRemoteTestNG.run(AbstractRemoteTestNG.java:114)
	at org.testng.remote.RemoteTestNG.initAndRun(RemoteTestNG.java:251)
	at org.testng.remote.RemoteTestNG.main(RemoteTestNG.java:77)
</pre></div></td>
<td>8</td>
<td>restAssuredApi.ApiPostTest@ae45eb6</td></tr>
</table><p>
<table width='100%' border='1' class='invocation-passed'>
<tr><td colspan='4' align='center'><b>PASSED TESTS</b></td></tr>
<tr><td><b>Test method</b></td>
<td width="30%"><b>Exception</b></td>
<td width="10%"><b>Time (seconds)</b></td>
<td><b>Instance</b></td>
</tr>
<tr>
<td title='restAssuredApi.ApiPostTest.postTest()'><b>postTest</b><br>Test class: restAssuredApi.ApiPostTest<br>Parameters: {"PARTNER":"Test drive6","TITLE_MEDI":"Ms.","MOB_NUMBER":"9739865868","NAME_LAST":"Saha","NAME_FIRST":"Aritra","STATUS_TYPE":"i"}</td>
<td></td>
<td>4</td>
<td>restAssuredApi.ApiPostTest@ae45eb6</td></tr>
<tr>
<td title='restAssuredApi.ApiPostTest.postTest()'><b>postTest</b><br>Test class: restAssuredApi.ApiPostTest<br>Parameters: {"PARTNER":"Test drive6","TITLE_MEDI":"Ms.","MOB_NUMBER":"9739865868","NAME_LAST":"Saha","NAME_FIRST":"Aritra","STATUS_TYPE":"d"}</td>
<td></td>
<td>3</td>
<td>restAssuredApi.ApiPostTest@ae45eb6</td></tr>
<tr>
<td title='restAssuredApi.ApiPostTest.postTest()'><b>postTest</b><br>Test class: restAssuredApi.ApiPostTest<br>Parameters: {"PARTNER":"Test drive6","TITLE_MEDI":"Ms.","MOB_NUMBER":"9739865868","NAME_LAST":"Saha","NAME_FIRST":"Aritra","STATUS_TYPE":"i"}</td>
<td></td>
<td>3</td>
<td>restAssuredApi.ApiPostTest@ae45eb6</td></tr>
<tr>
<td title='restAssuredApi.ApiPostTest.postTest()'><b>postTest</b><br>Test class: restAssuredApi.ApiPostTest<br>Parameters: {"PARTNER":"Test drive6","TITLE_MEDI":"Ms.","MOB_NUMBER":"9739865868","NAME_LAST":"Saha","NAME_FIRST":"Aritra","STATUS_TYPE":"d"}</td>
<td></td>
<td>3</td>
<td>restAssuredApi.ApiPostTest@ae45eb6</td></tr>
<tr>
<td title='restAssuredApi.ApiPostTest.postTest()'><b>postTest</b><br>Test class: restAssuredApi.ApiPostTest<br>Parameters: {"PARTNER":"Test drive6","TITLE_MEDI":"Ms.","MOB_NUMBER":"9739865868","NAME_LAST":"Saha","NAME_FIRST":"Aritra","STATUS_TYPE":"i"}</td>
<td></td>
<td>3</td>
<td>restAssuredApi.ApiPostTest@ae45eb6</td></tr>
<tr>
<td title='restAssuredApi.ApiPostTest.postTest()'><b>postTest</b><br>Test class: restAssuredApi.ApiPostTest<br>Parameters: {"PARTNER":"Test drive6","TITLE_MEDI":"Ms.","MOB_NUMBER":"9739865868","NAME_LAST":"Saha","NAME_FIRST":"Aritra","STATUS_TYPE":"d"}</td>
<td></td>
<td>3</td>
<td>restAssuredApi.ApiPostTest@ae45eb6</td></tr>
<tr>
<td title='restAssuredApi.ApiPostTest.postTest()'><b>postTest</b><br>Test class: restAssuredApi.ApiPostTest<br>Parameters: {"PARTNER":"Test drive6","TITLE_MEDI":"Ms.","MOB_NUMBER":"9739865868","NAME_LAST":"Saha","NAME_FIRST":"Aritra","STATUS_TYPE":"i"}</td>
<td></td>
<td>3</td>
<td>restAssuredApi.ApiPostTest@ae45eb6</td></tr>
<tr>
<td title='restAssuredApi.ApiPostTest.postTest()'><b>postTest</b><br>Test class: restAssuredApi.ApiPostTest<br>Parameters: {"PARTNER":"Test drive6","TITLE_MEDI":"Ms.","MOB_NUMBER":"9739865868","NAME_LAST":"Saha","NAME_FIRST":"Aritra","STATUS_TYPE":"d"}</td>
<td></td>
<td>3</td>
<td>restAssuredApi.ApiPostTest@ae45eb6</td></tr>
<tr>
<td title='restAssuredApi.ApiPostTest.postTest()'><b>postTest</b><br>Test class: restAssuredApi.ApiPostTest<br>Parameters: {"PARTNER":"Test drive6","TITLE_MEDI":"Ms.","MOB_NUMBER":"9739865868","NAME_LAST":"Saha","NAME_FIRST":"Aritra","STATUS_TYPE":"i"}</td>
<td></td>
<td>3</td>
<td>restAssuredApi.ApiPostTest@ae45eb6</td></tr>
<tr>
<td title='restAssuredApi.ApiPostTest.postTest()'><b>postTest</b><br>Test class: restAssuredApi.ApiPostTest<br>Parameters: {"PARTNER":"Test drive6","TITLE_MEDI":"Ms.","MOB_NUMBER":"9739865868","NAME_LAST":"Saha","NAME_FIRST":"Aritra","STATUS_TYPE":"d"}</td>
<td></td>
<td>3</td>
<td>restAssuredApi.ApiPostTest@ae45eb6</td></tr>
<tr>
<td title='restAssuredApi.ApiPostTest.postTest()'><b>postTest</b><br>Test class: restAssuredApi.ApiPostTest<br>Parameters: {"PARTNER":"Test drive6","TITLE_MEDI":"Ms.","MOB_NUMBER":"9739865868","NAME_LAST":"Saha","NAME_FIRST":"Aritra","STATUS_TYPE":"i"}</td>
<td></td>
<td>3</td>
<td>restAssuredApi.ApiPostTest@ae45eb6</td></tr>
<tr>
<td title='restAssuredApi.ApiPostTest.postTest()'><b>postTest</b><br>Test class: restAssuredApi.ApiPostTest<br>Parameters: {"PARTNER":"Test drive6","TITLE_MEDI":"Ms.","MOB_NUMBER":"9739865868","NAME_LAST":"Saha","NAME_FIRST":"Aritra","STATUS_TYPE":"i"}</td>
<td></td>
<td>3</td>
<td>restAssuredApi.ApiPostTest@ae45eb6</td></tr>
<tr>
<td title='restAssuredApi.ApiPostTest.postTest()'><b>postTest</b><br>Test class: restAssuredApi.ApiPostTest<br>Parameters: {"PARTNER":"Test drive6","TITLE_MEDI":"Ms.","MOB_NUMBER":"9739865868","NAME_LAST":"Saha","NAME_FIRST":"Aritra","STATUS_TYPE":"d"}</td>
<td></td>
<td>3</td>
<td>restAssuredApi.ApiPostTest@ae45eb6</td></tr>
<tr>
<td title='restAssuredApi.ApiPostTest.postTest()'><b>postTest</b><br>Test class: restAssuredApi.ApiPostTest<br>Parameters: {"PARTNER":"Test drive6","TITLE_MEDI":"Ms.","MOB_NUMBER":"9739865868","NAME_LAST":"Saha","NAME_FIRST":"Aritra","STATUS_TYPE":"d"}</td>
<td></td>
<td>3</td>
<td>restAssuredApi.ApiPostTest@ae45eb6</td></tr>
<tr>
<td title='restAssuredApi.ApiPostTest.postTest()'><b>postTest</b><br>Test class: restAssuredApi.ApiPostTest<br>Parameters: {"PARTNER":"Test drive6","TITLE_MEDI":"Ms.","MOB_NUMBER":"9739865868","NAME_LAST":"Saha","NAME_FIRST":"Aritra","STATUS_TYPE":"i"}</td>
<td></td>
<td>3</td>
<td>restAssuredApi.ApiPostTest@ae45eb6</td></tr>
<tr>
<td title='restAssuredApi.ApiPostTest.postTest()'><b>postTest</b><br>Test class: restAssuredApi.ApiPostTest<br>Parameters: {"PARTNER":"Test drive6","TITLE_MEDI":"Ms.","MOB_NUMBER":"9739865868","NAME_LAST":"Saha","NAME_FIRST":"Aritra","STATUS_TYPE":"d"}</td>
<td></td>
<td>3</td>
<td>restAssuredApi.ApiPostTest@ae45eb6</td></tr>
<tr>
<td title='restAssuredApi.ApiPostTest.postTest()'><b>postTest</b><br>Test class: restAssuredApi.ApiPostTest<br>Parameters: {"PARTNER":"Test drive6","TITLE_MEDI":"Ms.","MOB_NUMBER":"9739865868","NAME_LAST":"Saha","NAME_FIRST":"Aritra","STATUS_TYPE":"i"}</td>
<td></td>
<td>3</td>
<td>restAssuredApi.ApiPostTest@ae45eb6</td></tr>
<tr>
<td title='restAssuredApi.ApiPostTest.postTest()'><b>postTest</b><br>Test class: restAssuredApi.ApiPostTest<br>Parameters: {"PARTNER":"Test drive6","TITLE_MEDI":"Ms.","MOB_NUMBER":"9739865868","NAME_LAST":"Saha","NAME_FIRST":"Aritra","STATUS_TYPE":"d"}</td>
<td></td>
<td>3</td>
<td>restAssuredApi.ApiPostTest@ae45eb6</td></tr>
<tr>
<td title='restAssuredApi.ApiPostTest.postTest()'><b>postTest</b><br>Test class: restAssuredApi.ApiPostTest<br>Parameters: {"PARTNER":"Test drive6","TITLE_MEDI":"Ms.","MOB_NUMBER":"9739865868","NAME_LAST":"Saha","NAME_FIRST":"Aritra","STATUS_TYPE":"d"}</td>
<td></td>
<td>3</td>
<td>restAssuredApi.ApiPostTest@ae45eb6</td></tr>
<tr>
<td title='restAssuredApi.ApiPostTest.postTest()'><b>postTest</b><br>Test class: restAssuredApi.ApiPostTest<br>Parameters: {"PARTNER":"Test drive6","TITLE_MEDI":"Ms.","MOB_NUMBER":"9739865868","NAME_LAST":"Saha","NAME_FIRST":"Aritra","STATUS_TYPE":"i"}</td>
<td></td>
<td>3</td>
<td>restAssuredApi.ApiPostTest@ae45eb6</td></tr>
<tr>
<td title='restAssuredApi.ApiPostTest.postTest()'><b>postTest</b><br>Test class: restAssuredApi.ApiPostTest<br>Parameters: {"PARTNER":"Test drive6","TITLE_MEDI":"Ms.","MOB_NUMBER":"9739865868","NAME_LAST":"Saha","NAME_FIRST":"Aritra","STATUS_TYPE":"d"}</td>
<td></td>
<td>3</td>
<td>restAssuredApi.ApiPostTest@ae45eb6</td></tr>
<tr>
<td title='restAssuredApi.ApiPostTest.postTest()'><b>postTest</b><br>Test class: restAssuredApi.ApiPostTest<br>Parameters: {"PARTNER":"Test drive6","TITLE_MEDI":"Ms.","MOB_NUMBER":"9739865868","NAME_LAST":"Saha","NAME_FIRST":"Aritra","STATUS_TYPE":"i"}</td>
<td></td>
<td>3</td>
<td>restAssuredApi.ApiPostTest@ae45eb6</td></tr>
<tr>
<td title='restAssuredApi.ApiPostTest.postTest()'><b>postTest</b><br>Test class: restAssuredApi.ApiPostTest<br>Parameters: {"PARTNER":"Test drive6","TITLE_MEDI":"Ms.","MOB_NUMBER":"9739865868","NAME_LAST":"Saha","NAME_FIRST":"Aritra","STATUS_TYPE":"d"}</td>
<td></td>
<td>3</td>
<td>restAssuredApi.ApiPostTest@ae45eb6</td></tr>
<tr>
<td title='restAssuredApi.ApiPostTest.postTest()'><b>postTest</b><br>Test class: restAssuredApi.ApiPostTest<br>Parameters: {"PARTNER":"Test drive6","TITLE_MEDI":"Ms.","MOB_NUMBER":"9739865868","NAME_LAST":"Saha","NAME_FIRST":"Aritra","STATUS_TYPE":"i"}</td>
<td></td>
<td>3</td>
<td>restAssuredApi.ApiPostTest@ae45eb6</td></tr>
<tr>
<td title='restAssuredApi.ApiPostTest.postTest()'><b>postTest</b><br>Test class: restAssuredApi.ApiPostTest<br>Parameters: {"PARTNER":"Test drive6","TITLE_MEDI":"Ms.","MOB_NUMBER":"9739865868","NAME_LAST":"Saha","NAME_FIRST":"Aritra","STATUS_TYPE":"d"}</td>
<td></td>
<td>3</td>
<td>restAssuredApi.ApiPostTest@ae45eb6</td></tr>
<tr>
<td title='restAssuredApi.ApiPostTest.postTest()'><b>postTest</b><br>Test class: restAssuredApi.ApiPostTest<br>Parameters: {"PARTNER":"Test drive6","TITLE_MEDI":"Ms.","MOB_NUMBER":"9739865868","NAME_LAST":"Saha","NAME_FIRST":"Aritra","STATUS_TYPE":"d"}</td>
<td></td>
<td>3</td>
<td>restAssuredApi.ApiPostTest@ae45eb6</td></tr>
<tr>
<td title='restAssuredApi.ApiPostTest.postTest()'><b>postTest</b><br>Test class: restAssuredApi.ApiPostTest<br>Parameters: {"PARTNER":"Test drive6","TITLE_MEDI":"Ms.","MOB_NUMBER":"9739865868","NAME_LAST":"Saha","NAME_FIRST":"Aritra","STATUS_TYPE":"i"}</td>
<td></td>
<td>3</td>
<td>restAssuredApi.ApiPostTest@ae45eb6</td></tr>
<tr>
<td title='restAssuredApi.ApiPostTest.postTest()'><b>postTest</b><br>Test class: restAssuredApi.ApiPostTest<br>Parameters: {"PARTNER":"Test drive6","TITLE_MEDI":"Ms.","MOB_NUMBER":"9739865868","NAME_LAST":"Saha","NAME_FIRST":"Aritra","STATUS_TYPE":"d"}</td>
<td></td>
<td>3</td>
<td>restAssuredApi.ApiPostTest@ae45eb6</td></tr>
<tr>
<td title='restAssuredApi.ApiPostTest.postTest()'><b>postTest</b><br>Test class: restAssuredApi.ApiPostTest<br>Parameters: {"PARTNER":"Test drive6","TITLE_MEDI":"Ms.","MOB_NUMBER":"9739865868","NAME_LAST":"Saha","NAME_FIRST":"Aritra","STATUS_TYPE":"i"}</td>
<td></td>
<td>3</td>
<td>restAssuredApi.ApiPostTest@ae45eb6</td></tr>
<tr>
<td title='restAssuredApi.ApiPostTest.postTest()'><b>postTest</b><br>Test class: restAssuredApi.ApiPostTest<br>Parameters: {"PARTNER":"Test drive6","TITLE_MEDI":"Ms.","MOB_NUMBER":"9739865868","NAME_LAST":"Saha","NAME_FIRST":"Aritra","STATUS_TYPE":"d"}</td>
<td></td>
<td>3</td>
<td>restAssuredApi.ApiPostTest@ae45eb6</td></tr>
<tr>
<td title='restAssuredApi.ApiPostTest.postTest()'><b>postTest</b><br>Test class: restAssuredApi.ApiPostTest<br>Parameters: {"PARTNER":"Test drive6","TITLE_MEDI":"Ms.","MOB_NUMBER":"9739865868","NAME_LAST":"Saha","NAME_FIRST":"Aritra","STATUS_TYPE":"d"}</td>
<td></td>
<td>3</td>
<td>restAssuredApi.ApiPostTest@ae45eb6</td></tr>
<tr>
<td title='restAssuredApi.ApiPostTest.postTest()'><b>postTest</b><br>Test class: restAssuredApi.ApiPostTest<br>Parameters: {"PARTNER":"Test drive6","TITLE_MEDI":"Ms.","MOB_NUMBER":"9739865868","NAME_LAST":"Saha","NAME_FIRST":"Aritra","STATUS_TYPE":"i"}</td>
<td></td>
<td>3</td>
<td>restAssuredApi.ApiPostTest@ae45eb6</td></tr>
<tr>
<td title='restAssuredApi.ApiPostTest.postTest()'><b>postTest</b><br>Test class: restAssuredApi.ApiPostTest<br>Parameters: {"PARTNER":"Test drive6","TITLE_MEDI":"Ms.","MOB_NUMBER":"9739865868","NAME_LAST":"Saha","NAME_FIRST":"Aritra","STATUS_TYPE":"d"}</td>
<td></td>
<td>3</td>
<td>restAssuredApi.ApiPostTest@ae45eb6</td></tr>
<tr>
<td title='restAssuredApi.ApiPostTest.postTest()'><b>postTest</b><br>Test class: restAssuredApi.ApiPostTest<br>Parameters: {"PARTNER":"Test drive6","TITLE_MEDI":"Ms.","MOB_NUMBER":"9739865868","NAME_LAST":"Saha","NAME_FIRST":"Aritra","STATUS_TYPE":"i"}</td>
<td></td>
<td>3</td>
<td>restAssuredApi.ApiPostTest@ae45eb6</td></tr>
<tr>
<td title='restAssuredApi.ApiPostTest.postTest()'><b>postTest</b><br>Test class: restAssuredApi.ApiPostTest<br>Parameters: {"PARTNER":"Test drive6","TITLE_MEDI":"Ms.","MOB_NUMBER":"9739865868","NAME_LAST":"Saha","NAME_FIRST":"Aritra","STATUS_TYPE":"d"}</td>
<td></td>
<td>3</td>
<td>restAssuredApi.ApiPostTest@ae45eb6</td></tr>
<tr>
<td title='restAssuredApi.ApiPostTest.postTest()'><b>postTest</b><br>Test class: restAssuredApi.ApiPostTest<br>Parameters: {"PARTNER":"Test drive6","TITLE_MEDI":"Ms.","MOB_NUMBER":"9739865868","NAME_LAST":"Saha","NAME_FIRST":"Aritra","STATUS_TYPE":"i"}</td>
<td></td>
<td>3</td>
<td>restAssuredApi.ApiPostTest@ae45eb6</td></tr>
<tr>
<td title='restAssuredApi.ApiPostTest.postTest()'><b>postTest</b><br>Test class: restAssuredApi.ApiPostTest<br>Parameters: {"PARTNER":"Test drive6","TITLE_MEDI":"Ms.","MOB_NUMBER":"9739865868","NAME_LAST":"Saha","NAME_FIRST":"Aritra","STATUS_TYPE":"d"}</td>
<td></td>
<td>3</td>
<td>restAssuredApi.ApiPostTest@ae45eb6</td></tr>
<tr>
<td title='restAssuredApi.ApiPostTest.postTest()'><b>postTest</b><br>Test class: restAssuredApi.ApiPostTest<br>Parameters: {"PARTNER":"Test drive6","TITLE_MEDI":"Ms.","MOB_NUMBER":"9739865868","NAME_LAST":"Saha","NAME_FIRST":"Aritra","STATUS_TYPE":"d"}</td>
<td></td>
<td>3</td>
<td>restAssuredApi.ApiPostTest@ae45eb6</td></tr>
<tr>
<td title='restAssuredApi.ApiPostTest.postTest()'><b>postTest</b><br>Test class: restAssuredApi.ApiPostTest<br>Parameters: {"PARTNER":"Test drive6","TITLE_MEDI":"Ms.","MOB_NUMBER":"9739865868","NAME_LAST":"Saha","NAME_FIRST":"Aritra","STATUS_TYPE":"i"}</td>
<td></td>
<td>3</td>
<td>restAssuredApi.ApiPostTest@ae45eb6</td></tr>
<tr>
<td title='restAssuredApi.ApiPostTest.postTest()'><b>postTest</b><br>Test class: restAssuredApi.ApiPostTest<br>Parameters: {"PARTNER":"Test drive6","TITLE_MEDI":"Ms.","MOB_NUMBER":"9739865868","NAME_LAST":"Saha","NAME_FIRST":"Aritra","STATUS_TYPE":"d"}</td>
<td></td>
<td>3</td>
<td>restAssuredApi.ApiPostTest@ae45eb6</td></tr>
<tr>
<td title='restAssuredApi.ApiPostTest.postTest()'><b>postTest</b><br>Test class: restAssuredApi.ApiPostTest<br>Parameters: {"PARTNER":"Test drive6","TITLE_MEDI":"Ms.","MOB_NUMBER":"9739865868","NAME_LAST":"Saha","NAME_FIRST":"Aritra","STATUS_TYPE":"d"}</td>
<td></td>
<td>3</td>
<td>restAssuredApi.ApiPostTest@ae45eb6</td></tr>
<tr>
<td title='restAssuredApi.ApiPostTest.postTest()'><b>postTest</b><br>Test class: restAssuredApi.ApiPostTest<br>Parameters: {"PARTNER":"Test drive6","TITLE_MEDI":"Ms.","MOB_NUMBER":"9739865868","NAME_LAST":"Saha","NAME_FIRST":"Aritra","STATUS_TYPE":"i"}</td>
<td></td>
<td>3</td>
<td>restAssuredApi.ApiPostTest@ae45eb6</td></tr>
<tr>
<td title='restAssuredApi.ApiPostTest.postTest()'><b>postTest</b><br>Test class: restAssuredApi.ApiPostTest<br>Parameters: {"PARTNER":"Test drive6","TITLE_MEDI":"Ms.","MOB_NUMBER":"9739865868","NAME_LAST":"Saha","NAME_FIRST":"Aritra","STATUS_TYPE":"d"}</td>
<td></td>
<td>3</td>
<td>restAssuredApi.ApiPostTest@ae45eb6</td></tr>
<tr>
<td title='restAssuredApi.ApiPostTest.postTest()'><b>postTest</b><br>Test class: restAssuredApi.ApiPostTest<br>Parameters: {"PARTNER":"Test drive6","TITLE_MEDI":"Ms.","MOB_NUMBER":"9739865868","NAME_LAST":"Saha","NAME_FIRST":"Aritra","STATUS_TYPE":"i"}</td>
<td></td>
<td>3</td>
<td>restAssuredApi.ApiPostTest@ae45eb6</td></tr>
<tr>
<td title='restAssuredApi.ApiPostTest.postTest()'><b>postTest</b><br>Test class: restAssuredApi.ApiPostTest<br>Parameters: {"PARTNER":"Test drive6","TITLE_MEDI":"Ms.","MOB_NUMBER":"9739865868","NAME_LAST":"Saha","NAME_FIRST":"Aritra","STATUS_TYPE":"d"}</td>
<td></td>
<td>3</td>
<td>restAssuredApi.ApiPostTest@ae45eb6</td></tr>
<tr>
<td title='restAssuredApi.ApiPostTest.postTest()'><b>postTest</b><br>Test class: restAssuredApi.ApiPostTest<br>Parameters: {"PARTNER":"Test drive6","TITLE_MEDI":"Ms.","MOB_NUMBER":"9739865868","NAME_LAST":"Saha","NAME_FIRST":"Aritra","STATUS_TYPE":"d"}</td>
<td></td>
<td>3</td>
<td>restAssuredApi.ApiPostTest@ae45eb6</td></tr>
<tr>
<td title='restAssuredApi.ApiPostTest.postTest()'><b>postTest</b><br>Test class: restAssuredApi.ApiPostTest<br>Parameters: {"PARTNER":"Test drive6","TITLE_MEDI":"Ms.","MOB_NUMBER":"9739865868","NAME_LAST":"Saha","NAME_FIRST":"Aritra","STATUS_TYPE":"i"}</td>
<td></td>
<td>3</td>
<td>restAssuredApi.ApiPostTest@ae45eb6</td></tr>
<tr>
<td title='restAssuredApi.ApiPostTest.postTest()'><b>postTest</b><br>Test class: restAssuredApi.ApiPostTest<br>Parameters: {"PARTNER":"Test drive6","TITLE_MEDI":"Ms.","MOB_NUMBER":"9739865868","NAME_LAST":"Saha","NAME_FIRST":"Aritra","STATUS_TYPE":"d"}</td>
<td></td>
<td>3</td>
<td>restAssuredApi.ApiPostTest@ae45eb6</td></tr>
<tr>
<td title='restAssuredApi.ApiPostTest.postTest()'><b>postTest</b><br>Test class: restAssuredApi.ApiPostTest<br>Parameters: {"PARTNER":"Test drive6","TITLE_MEDI":"Ms.","MOB_NUMBER":"9739865868","NAME_LAST":"Saha","NAME_FIRST":"Aritra","STATUS_TYPE":"i"}</td>
<td></td>
<td>3</td>
<td>restAssuredApi.ApiPostTest@ae45eb6</td></tr>
<tr>
<td title='restAssuredApi.ApiPostTest.postTest()'><b>postTest</b><br>Test class: restAssuredApi.ApiPostTest<br>Parameters: {"PARTNER":"Test drive6","TITLE_MEDI":"Ms.","MOB_NUMBER":"9739865868","NAME_LAST":"Saha","NAME_FIRST":"Aritra","STATUS_TYPE":"d"}</td>
<td></td>
<td>3</td>
<td>restAssuredApi.ApiPostTest@ae45eb6</td></tr>
<tr>
<td title='restAssuredApi.ApiPostTest.postTest()'><b>postTest</b><br>Test class: restAssuredApi.ApiPostTest<br>Parameters: {"PARTNER":"Test drive6","TITLE_MEDI":"Ms.","MOB_NUMBER":"9739865868","NAME_LAST":"Saha","NAME_FIRST":"Aritra","STATUS_TYPE":"i"}</td>
<td></td>
<td>3</td>
<td>restAssuredApi.ApiPostTest@ae45eb6</td></tr>
<tr>
<td title='restAssuredApi.ApiPostTest.postTest()'><b>postTest</b><br>Test class: restAssuredApi.ApiPostTest<br>Parameters: {"PARTNER":"Test drive6","TITLE_MEDI":"Ms.","MOB_NUMBER":"9739865868","NAME_LAST":"Saha","NAME_FIRST":"Aritra","STATUS_TYPE":"d"}</td>
<td></td>
<td>3</td>
<td>restAssuredApi.ApiPostTest@ae45eb6</td></tr>
<tr>
<td title='restAssuredApi.ApiPostTest.postTest()'><b>postTest</b><br>Test class: restAssuredApi.ApiPostTest<br>Parameters: {"PARTNER":"Test drive6","TITLE_MEDI":"Ms.","MOB_NUMBER":"9739865868","NAME_LAST":"Saha","NAME_FIRST":"Aritra","STATUS_TYPE":"d"}</td>
<td></td>
<td>3</td>
<td>restAssuredApi.ApiPostTest@ae45eb6</td></tr>
<tr>
<td title='restAssuredApi.ApiPostTest.postTest()'><b>postTest</b><br>Test class: restAssuredApi.ApiPostTest<br>Parameters: {"PARTNER":"Test drive6","TITLE_MEDI":"Ms.","MOB_NUMBER":"9739865868","NAME_LAST":"Saha","NAME_FIRST":"Aritra","STATUS_TYPE":"i"}</td>
<td></td>
<td>3</td>
<td>restAssuredApi.ApiPostTest@ae45eb6</td></tr>
<tr>
<td title='restAssuredApi.ApiPostTest.postTest()'><b>postTest</b><br>Test class: restAssuredApi.ApiPostTest<br>Parameters: {"PARTNER":"Test drive6","TITLE_MEDI":"Ms.","MOB_NUMBER":"9739865868","NAME_LAST":"Saha","NAME_FIRST":"Aritra","STATUS_TYPE":"d"}</td>
<td></td>
<td>3</td>
<td>restAssuredApi.ApiPostTest@ae45eb6</td></tr>
<tr>
<td title='restAssuredApi.ApiPostTest.postTest()'><b>postTest</b><br>Test class: restAssuredApi.ApiPostTest<br>Parameters: {"PARTNER":"Test drive6","TITLE_MEDI":"Ms.","MOB_NUMBER":"9739865868","NAME_LAST":"Saha","NAME_FIRST":"Aritra","STATUS_TYPE":"i"}</td>
<td></td>
<td>3</td>
<td>restAssuredApi.ApiPostTest@ae45eb6</td></tr>
<tr>
<td title='restAssuredApi.ApiPostTest.postTest()'><b>postTest</b><br>Test class: restAssuredApi.ApiPostTest<br>Parameters: {"PARTNER":"Test drive6","TITLE_MEDI":"Ms.","MOB_NUMBER":"9739865868","NAME_LAST":"Saha","NAME_FIRST":"Aritra","STATUS_TYPE":"d"}</td>
<td></td>
<td>3</td>
<td>restAssuredApi.ApiPostTest@ae45eb6</td></tr>
<tr>
<td title='restAssuredApi.ApiPostTest.postTest()'><b>postTest</b><br>Test class: restAssuredApi.ApiPostTest<br>Parameters: {"PARTNER":"Test drive6","TITLE_MEDI":"Ms.","MOB_NUMBER":"9739865868","NAME_LAST":"Saha","NAME_FIRST":"Aritra","STATUS_TYPE":"i"}</td>
<td></td>
<td>3</td>
<td>restAssuredApi.ApiPostTest@ae45eb6</td></tr>
<tr>
<td title='restAssuredApi.ApiPostTest.postTest()'><b>postTest</b><br>Test class: restAssuredApi.ApiPostTest<br>Parameters: {"PARTNER":"Test drive6","TITLE_MEDI":"Ms.","MOB_NUMBER":"9739865868","NAME_LAST":"Saha","NAME_FIRST":"Aritra","STATUS_TYPE":"d"}</td>
<td></td>
<td>3</td>
<td>restAssuredApi.ApiPostTest@ae45eb6</td></tr>
<tr>
<td title='restAssuredApi.ApiPostTest.postTest()'><b>postTest</b><br>Test class: restAssuredApi.ApiPostTest<br>Parameters: {"PARTNER":"Test drive6","TITLE_MEDI":"Ms.","MOB_NUMBER":"9739865868","NAME_LAST":"Saha","NAME_FIRST":"Aritra","STATUS_TYPE":"i"}</td>
<td></td>
<td>8</td>
<td>restAssuredApi.ApiPostTest@ae45eb6</td></tr>
<tr>
<td title='restAssuredApi.ApiPostTest.postTest()'><b>postTest</b><br>Test class: restAssuredApi.ApiPostTest<br>Parameters: {"PARTNER":"Test drive6","TITLE_MEDI":"Ms.","MOB_NUMBER":"9739865868","NAME_LAST":"Saha","NAME_FIRST":"Aritra","STATUS_TYPE":"d"}</td>
<td></td>
<td>3</td>
<td>restAssuredApi.ApiPostTest@ae45eb6</td></tr>
<tr>
<td title='restAssuredApi.ApiPostTest.postTest()'><b>postTest</b><br>Test class: restAssuredApi.ApiPostTest<br>Parameters: {"PARTNER":"Test drive6","TITLE_MEDI":"Ms.","MOB_NUMBER":"9739865868","NAME_LAST":"Saha","NAME_FIRST":"Aritra","STATUS_TYPE":"i"}</td>
<td></td>
<td>3</td>
<td>restAssuredApi.ApiPostTest@ae45eb6</td></tr>
<tr>
<td title='restAssuredApi.ApiPostTest.postTest()'><b>postTest</b><br>Test class: restAssuredApi.ApiPostTest<br>Parameters: {"PARTNER":"Test drive6","TITLE_MEDI":"Ms.","MOB_NUMBER":"9739865868","NAME_LAST":"Saha","NAME_FIRST":"Aritra","STATUS_TYPE":"d"}</td>
<td></td>
<td>3</td>
<td>restAssuredApi.ApiPostTest@ae45eb6</td></tr>
<tr>
<td title='restAssuredApi.ApiPostTest.postTest()'><b>postTest</b><br>Test class: restAssuredApi.ApiPostTest<br>Parameters: {"PARTNER":"Test drive6","TITLE_MEDI":"Ms.","MOB_NUMBER":"9739865868","NAME_LAST":"Saha","NAME_FIRST":"Aritra","STATUS_TYPE":"i"}</td>
<td></td>
<td>3</td>
<td>restAssuredApi.ApiPostTest@ae45eb6</td></tr>
<tr>
<td title='restAssuredApi.ApiPostTest.postTest()'><b>postTest</b><br>Test class: restAssuredApi.ApiPostTest<br>Parameters: {"PARTNER":"Test drive6","TITLE_MEDI":"Ms.","MOB_NUMBER":"9739865868","NAME_LAST":"Saha","NAME_FIRST":"Aritra","STATUS_TYPE":"d"}</td>
<td></td>
<td>3</td>
<td>restAssuredApi.ApiPostTest@ae45eb6</td></tr>
<tr>
<td title='restAssuredApi.ApiPostTest.postTest()'><b>postTest</b><br>Test class: restAssuredApi.ApiPostTest<br>Parameters: {"PARTNER":"Test drive6","TITLE_MEDI":"Ms.","MOB_NUMBER":"9739865868","NAME_LAST":"Saha","NAME_FIRST":"Aritra","STATUS_TYPE":"i"}</td>
<td></td>
<td>3</td>
<td>restAssuredApi.ApiPostTest@ae45eb6</td></tr>
<tr>
<td title='restAssuredApi.ApiPostTest.postTest()'><b>postTest</b><br>Test class: restAssuredApi.ApiPostTest<br>Parameters: {"PARTNER":"Test drive6","TITLE_MEDI":"Ms.","MOB_NUMBER":"9739865868","NAME_LAST":"Saha","NAME_FIRST":"Aritra","STATUS_TYPE":"d"}</td>
<td></td>
<td>3</td>
<td>restAssuredApi.ApiPostTest@ae45eb6</td></tr>
<tr>
<td title='restAssuredApi.ApiPostTest.postTest()'><b>postTest</b><br>Test class: restAssuredApi.ApiPostTest<br>Parameters: {"PARTNER":"Test drive6","TITLE_MEDI":"Ms.","MOB_NUMBER":"9739865868","NAME_LAST":"Saha","NAME_FIRST":"Aritra","STATUS_TYPE":"i"}</td>
<td></td>
<td>3</td>
<td>restAssuredApi.ApiPostTest@ae45eb6</td></tr>
<tr>
<td title='restAssuredApi.ApiPostTest.postTest()'><b>postTest</b><br>Test class: restAssuredApi.ApiPostTest<br>Parameters: {"PARTNER":"Test drive6","TITLE_MEDI":"Ms.","MOB_NUMBER":"9739865868","NAME_LAST":"Saha","NAME_FIRST":"Aritra","STATUS_TYPE":"d"}</td>
<td></td>
<td>3</td>
<td>restAssuredApi.ApiPostTest@ae45eb6</td></tr>
<tr>
<td title='restAssuredApi.ApiPostTest.postTest()'><b>postTest</b><br>Test class: restAssuredApi.ApiPostTest<br>Parameters: {"PARTNER":"Test drive6","TITLE_MEDI":"Ms.","MOB_NUMBER":"9739865868","NAME_LAST":"Saha","NAME_FIRST":"Aritra","STATUS_TYPE":"i"}</td>
<td></td>
<td>3</td>
<td>restAssuredApi.ApiPostTest@ae45eb6</td></tr>
<tr>
<td title='restAssuredApi.ApiPostTest.postTest()'><b>postTest</b><br>Test class: restAssuredApi.ApiPostTest<br>Parameters: {"PARTNER":"Test drive6","TITLE_MEDI":"Ms.","MOB_NUMBER":"9739865868","NAME_LAST":"Saha","NAME_FIRST":"Aritra","STATUS_TYPE":"i"}</td>
<td></td>
<td>3</td>
<td>restAssuredApi.ApiPostTest@ae45eb6</td></tr>
<tr>
<td title='restAssuredApi.ApiPostTest.postTest()'><b>postTest</b><br>Test class: restAssuredApi.ApiPostTest<br>Parameters: {"PARTNER":"Test drive6","TITLE_MEDI":"Ms.","MOB_NUMBER":"9739865868","NAME_LAST":"Saha","NAME_FIRST":"Aritra","STATUS_TYPE":"d"}</td>
<td></td>
<td>3</td>
<td>restAssuredApi.ApiPostTest@ae45eb6</td></tr>
<tr>
<td title='restAssuredApi.ApiPostTest.postTest()'><b>postTest</b><br>Test class: restAssuredApi.ApiPostTest<br>Parameters: {"PARTNER":"Test drive6","TITLE_MEDI":"Ms.","MOB_NUMBER":"9739865868","NAME_LAST":"Saha","NAME_FIRST":"Aritra","STATUS_TYPE":"d"}</td>
<td></td>
<td>3</td>
<td>restAssuredApi.ApiPostTest@ae45eb6</td></tr>
<tr>
<td title='restAssuredApi.ApiPostTest.postTest()'><b>postTest</b><br>Test class: restAssuredApi.ApiPostTest<br>Parameters: {"PARTNER":"Test drive6","TITLE_MEDI":"Ms.","MOB_NUMBER":"9739865868","NAME_LAST":"Saha","NAME_FIRST":"Aritra","STATUS_TYPE":"i"}</td>
<td></td>
<td>3</td>
<td>restAssuredApi.ApiPostTest@ae45eb6</td></tr>
<tr>
<td title='restAssuredApi.ApiPostTest.postTest()'><b>postTest</b><br>Test class: restAssuredApi.ApiPostTest<br>Parameters: {"PARTNER":"Test drive6","TITLE_MEDI":"Ms.","MOB_NUMBER":"9739865868","NAME_LAST":"Saha","NAME_FIRST":"Aritra","STATUS_TYPE":"d"}</td>
<td></td>
<td>3</td>
<td>restAssuredApi.ApiPostTest@ae45eb6</td></tr>
<tr>
<td title='restAssuredApi.ApiPostTest.postTest()'><b>postTest</b><br>Test class: restAssuredApi.ApiPostTest<br>Parameters: {"PARTNER":"Test drive6","TITLE_MEDI":"Ms.","MOB_NUMBER":"9739865868","NAME_LAST":"Saha","NAME_FIRST":"Aritra","STATUS_TYPE":"i"}</td>
<td></td>
<td>3</td>
<td>restAssuredApi.ApiPostTest@ae45eb6</td></tr>
<tr>
<td title='restAssuredApi.ApiPostTest.postTest()'><b>postTest</b><br>Test class: restAssuredApi.ApiPostTest<br>Parameters: {"PARTNER":"Test drive6","TITLE_MEDI":"Ms.","MOB_NUMBER":"9739865868","NAME_LAST":"Saha","NAME_FIRST":"Aritra","STATUS_TYPE":"d"}</td>
<td></td>
<td>3</td>
<td>restAssuredApi.ApiPostTest@ae45eb6</td></tr>
<tr>
<td title='restAssuredApi.ApiPostTest.postTest()'><b>postTest</b><br>Test class: restAssuredApi.ApiPostTest<br>Parameters: {"PARTNER":"Test drive6","TITLE_MEDI":"Ms.","MOB_NUMBER":"9739865868","NAME_LAST":"Saha","NAME_FIRST":"Aritra","STATUS_TYPE":"d"}</td>
<td></td>
<td>3</td>
<td>restAssuredApi.ApiPostTest@ae45eb6</td></tr>
</table><p>
</body>
</html>